<?xml version="1.0" encoding="UTF-8"?>
<!-- Generated by org.testng.reporters.JUnitXMLReporter -->
<testsuite hostname="anonymous" ignored="0" name="Test" tests="40" failures="0" timestamp="2020-07-28T07:08:32 PDT" time="76.672" errors="0">
  <testcase name="testClarolineAddUser" time="1.641" classname="tests.AddUserTest"/>
  <testcase name="testClarolineSearchUser" time="0.944" classname="tests.SearchUserTest"/>
  <testcase name="testClarolineLoginUser" time="0.54" classname="tests.LoginUserTest"/>
  <testcase name="testClarolineAddCourse" time="1.662" classname="tests.AddCourseTest"/>
  <testcase name="testClarolineSearchCourse" time="0.928" classname="tests.SearchCourseTest"/>
  <testcase name="testClarolineEnrolUser" time="1.034" classname="tests.EnrolUserTest"/>
  <testcase name="testClarolineAddCourseEvent" time="1.946" classname="tests.AddCourseEventTest"/>
  <testcase name="testClarolineAddCourseExercise" time="1.439" classname="tests.AddCourseExerciseTest"/>
  <testcase name="testClarolineMakeCourseExerciseVisible" time="0.922" classname="tests.MakeCourseExerciseVisibleTest"/>
  <testcase name="testClarolineAddCourseExerciseQuestions" time="5.365" classname="tests.AddCourseExerciseQuestionsTest"/>
  <testcase name="testClarolineDoCourseExerciseQuestions" time="1.373" classname="tests.DoCourseExerciseQuestionsTest"/>
  <testcase name="testClarolineViewProfileStatisticsUser" time="0.973" classname="tests.ViewProfileStatisticsUserTest"/>
  <testcase name="testClarolineAddMultipleUsers" time="3.405" classname="tests.AddMultipleUsersTest"/>
  <testcase name="testClarolineSearchMultipleUsers" time="1.064" classname="tests.SearchMultipleUsersTest"/>
  <testcase name="testClarolineSearchStudent" time="1.036" classname="tests.SearchStudentTest"/>
  <testcase name="testClarolineSearchTeacher" time="1.01" classname="tests.SearchTeacherTest"/>
  <testcase name="testClarolineSearchAdmin" time="1.023" classname="tests.SearchAdminTest"/>
  <testcase name="testClarolineEnrolMultipleUsers" time="3.587" classname="tests.EnrolMultipleUsersTest"/>
  <testcase name="testClarolineDoCourseExerciseQuestionsMultipleUsers" time="4.752" classname="tests.DoCourseExerciseQuestionsMultipleUsersTest"/>
  <testcase name="testClarolineRemoveEnrolMultipleUsers" time="1.24" classname="tests.RemoveEnrolMultipleUsersTest"/>
  <testcase name="testClarolineRemoveMultipleUsers" time="1.297" classname="tests.RemoveMultipleUsersTest"/>
  <testcase name="testClarolineAddEmptyUser" time="0.852" classname="tests.AddEmptyUserTest"/>
  <testcase name="testClarolineAddWrongEmailUser" time="1.418" classname="tests.AddWrongEmailUserTest"/>
  <testcase name="testClarolineAddTwiceUser" time="1.443" classname="tests.AddTwiceUserTest"/>
  <testcase name="testClarolineAddWrongPasswordUser" time="1.352" classname="tests.AddWrongPasswordUserTest"/>
  <testcase name="testClarolineAddEmptyCourse" time="0.925" classname="tests.AddEmptyCourseTest"/>
  <testcase name="testClarolineAddDeniedCourse" time="1.543" classname="tests.AddDeniedCourseTest"/>
  <testcase name="testClarolineEnrolDeniedCourse" time="0.938" classname="tests.EnrolDeniedCourseTest"/>
  <testcase name="testClarolineAddPasswordCourse" time="1.697" classname="tests.AddPasswordCourseTest"/>
  <testcase name="testClarolineEnrolPasswordCourseWrongPasswordUser" time="1.15" classname="tests.EnrolPasswordCourseWrongPasswordUserTest"/>
  <testcase name="testClarolineEnrolPasswordCourseGoodPasswordUser" time="1.183" classname="tests.EnrolPasswordCourseGoodPasswordUserTest"/>
  <testcase name="testClarolineSearchAllowedCourse" time="1.051" classname="tests.SearchAllowedCourseTest"/>
  <testcase name="testClarolineSearchAndRemovePasswordCourse" time="1.191" classname="tests.SearchAndRemovePasswordCourseTest"/>
  <testcase name="testClarolineSearchAndRemoveDeniedCourse" time="1.168" classname="tests.SearchAndRemoveDeniedCourseTest"/>
  <testcase name="testClarolineRemoveCourseExerciseQuestions" time="1.322" classname="tests.RemoveCourseExerciseQuestionsTest"/>
  <testcase name="testClarolineRemoveCourseEvent" time="1.135" classname="tests.RemoveCourseEventTest"/>
  <testcase name="testClarolineRemoveCourseExercise" time="1.012" classname="tests.RemoveCourseExerciseTest"/>
  <testcase name="testClarolineRemoveEnrolUser" time="0.752" classname="tests.RemoveEnrolUserTest"/>
  <testcase name="testClarolineRemoveUser" time="1.0" classname="tests.RemoveUserTest"/>
  <testcase name="testClarolineRemoveCourse" time="1.041" classname="tests.RemoveCourseTest"/>
</testsuite> <!-- Test -->
