<?xml version="1.0" encoding="UTF-8"?>
<!-- Generated by org.testng.reporters.JUnitXMLReporter -->
<testsuite hostname="anonymous" ignored="0" name="Command line test" tests="1" failures="0" timestamp="2020-06-29T07:44:38 PDT" time="0.123" errors="0">
  <testcase name="@BeforeMethod setUp" time="-1.593441878133E9" classname="tests.AddUserTest">
    <failure type="org.testng.TestNGException" message="
Parameter &amp;apos;port&amp;apos; is required by BeforeMethod on method setUp but has not been marked @Optional or defined
">
      <![CDATA[org.testng.TestNGException: 
Parameter 'port' is required by BeforeMethod on method setUp but has not been marked @Optional or defined

at java.util.ArrayList.forEach(ArrayList.java:1257)
at org.olianda.treeparallelizer.execution.testcases.DynamicClassImport.main(DynamicClassImport.java:32)
... Removed 25 stack frames]]>
    </failure>
  </testcase> <!-- @BeforeMethod setUp -->
  <testcase name="@AfterMethod tearDown" time="-1.593441878153E9" classname="tests.AddUserTest">
    <skipped/>
  </testcase> <!-- @AfterMethod tearDown -->
  <testcase name="testMantisBTAddUser" time="0.0" classname="tests.AddUserTest">
    <skipped/>
  </testcase> <!-- testMantisBTAddUser -->
</testsuite> <!-- Command line test -->
