<?xml version="1.0" encoding="UTF-8"?>
<testng-results skipped="0" failed="0" ignored="0" total="1" passed="1">
  <reporter-output>
  </reporter-output>
  <suite name="DeleteMultipleSubprojectsTest_SUITE_3102" duration-ms="65564" started-at="2020-06-30T06:57:11 PDT" finished-at="2020-06-30T06:58:17 PDT">
    <groups>
    </groups>
    <test name="DeleteMultipleSubprojectsTest" duration-ms="65564" started-at="2020-06-30T06:57:11 PDT" finished-at="2020-06-30T06:58:17 PDT">
      <class name="tests.DeleteMultipleSubprojectsTest">
        <test-method status="PASS" signature="setUp(java.lang.String)[pri:0, instance:tests.DeleteMultipleSubprojectsTest@5fa8f2aa]" name="setUp" is-config="true" duration-ms="2675" started-at="2020-06-30T06:57:11 PDT" finished-at="2020-06-30T06:57:14 PDT">
          <params>
            <param index="0">
              <value>
                <![CDATA[3102]]>
              </value>
            </param>
          </params>
          <reporter-output>
          </reporter-output>
        </test-method> <!-- setUp -->
        <test-method status="PASS" signature="testMantisBTDeleteMultipleSubprojects()[pri:0, instance:tests.DeleteMultipleSubprojectsTest@5fa8f2aa]" name="testMantisBTDeleteMultipleSubprojects" duration-ms="62817" started-at="2020-06-30T06:57:14 PDT" finished-at="2020-06-30T06:58:17 PDT">
          <reporter-output>
          </reporter-output>
        </test-method> <!-- testMantisBTDeleteMultipleSubprojects -->
        <test-method status="PASS" signature="tearDown()[pri:0, instance:tests.DeleteMultipleSubprojectsTest@5fa8f2aa]" name="tearDown" is-config="true" duration-ms="71" started-at="2020-06-30T06:58:17 PDT" finished-at="2020-06-30T06:58:17 PDT">
          <reporter-output>
          </reporter-output>
        </test-method> <!-- tearDown -->
      </class> <!-- tests.DeleteMultipleSubprojectsTest -->
    </test> <!-- DeleteMultipleSubprojectsTest -->
  </suite> <!-- DeleteMultipleSubprojectsTest_SUITE_3102 -->
</testng-results>
