<?xml version="1.0" encoding="UTF-8"?>
<testng-results skipped="0" failed="0" ignored="0" total="40" passed="40">
  <reporter-output>
  </reporter-output>
  <suite name="Suite" duration-ms="76672" started-at="2020-07-28T07:07:15 PDT" finished-at="2020-07-28T07:08:32 PDT">
    <groups>
    </groups>
    <test name="Test" duration-ms="76672" started-at="2020-07-28T07:07:15 PDT" finished-at="2020-07-28T07:08:32 PDT">
      <class name="tests.AddUserTest">
        <test-method status="PASS" signature="setUp(java.lang.String)[pri:0, instance:tests.AddUserTest@475530b9]" name="setUp" is-config="true" duration-ms="1475" started-at="2020-07-28T07:07:15 PDT" finished-at="2020-07-28T07:07:16 PDT">
          <params>
            <param index="0">
              <value>
                <![CDATA[3000]]>
              </value>
            </param>
          </params>
          <reporter-output>
          </reporter-output>
        </test-method> <!-- setUp -->
        <test-method status="PASS" signature="testClarolineAddUser()[pri:0, instance:tests.AddUserTest@475530b9]" name="testClarolineAddUser" duration-ms="1641" started-at="2020-07-28T07:07:16 PDT" finished-at="2020-07-28T07:07:18 PDT">
          <reporter-output>
          </reporter-output>
        </test-method> <!-- testClarolineAddUser -->
        <test-method status="PASS" signature="tearDown()[pri:0, instance:tests.AddUserTest@475530b9]" name="tearDown" is-config="true" duration-ms="77" started-at="2020-07-28T07:07:18 PDT" finished-at="2020-07-28T07:07:18 PDT">
          <reporter-output>
          </reporter-output>
        </test-method> <!-- tearDown -->
      </class> <!-- tests.AddUserTest -->
      <class name="tests.ViewProfileStatisticsUserTest">
        <test-method status="PASS" signature="setUp(java.lang.String)[pri:0, instance:tests.ViewProfileStatisticsUserTest@523884b2]" name="setUp" is-config="true" duration-ms="332" started-at="2020-07-28T07:07:38 PDT" finished-at="2020-07-28T07:07:39 PDT">
          <params>
            <param index="0">
              <value>
                <![CDATA[3000]]>
              </value>
            </param>
          </params>
          <reporter-output>
          </reporter-output>
        </test-method> <!-- setUp -->
        <test-method status="PASS" signature="testClarolineViewProfileStatisticsUser()[pri:0, instance:tests.ViewProfileStatisticsUserTest@523884b2]" name="testClarolineViewProfileStatisticsUser" duration-ms="973" started-at="2020-07-28T07:07:39 PDT" finished-at="2020-07-28T07:07:40 PDT">
          <reporter-output>
          </reporter-output>
        </test-method> <!-- testClarolineViewProfileStatisticsUser -->
        <test-method status="PASS" signature="tearDown()[pri:0, instance:tests.ViewProfileStatisticsUserTest@523884b2]" name="tearDown" is-config="true" duration-ms="69" started-at="2020-07-28T07:07:40 PDT" finished-at="2020-07-28T07:07:40 PDT">
          <reporter-output>
          </reporter-output>
        </test-method> <!-- tearDown -->
      </class> <!-- tests.ViewProfileStatisticsUserTest -->
      <class name="tests.MakeCourseExerciseVisibleTest">
        <test-method status="PASS" signature="setUp(java.lang.String)[pri:0, instance:tests.MakeCourseExerciseVisibleTest@59fa1d9b]" name="setUp" is-config="true" duration-ms="335" started-at="2020-07-28T07:07:30 PDT" finished-at="2020-07-28T07:07:30 PDT">
          <params>
            <param index="0">
              <value>
                <![CDATA[3000]]>
              </value>
            </param>
          </params>
          <reporter-output>
          </reporter-output>
        </test-method> <!-- setUp -->
        <test-method status="PASS" signature="testClarolineMakeCourseExerciseVisible()[pri:0, instance:tests.MakeCourseExerciseVisibleTest@59fa1d9b]" name="testClarolineMakeCourseExerciseVisible" duration-ms="922" started-at="2020-07-28T07:07:30 PDT" finished-at="2020-07-28T07:07:31 PDT">
          <reporter-output>
          </reporter-output>
        </test-method> <!-- testClarolineMakeCourseExerciseVisible -->
        <test-method status="PASS" signature="tearDown()[pri:0, instance:tests.MakeCourseExerciseVisibleTest@59fa1d9b]" name="tearDown" is-config="true" duration-ms="71" started-at="2020-07-28T07:07:31 PDT" finished-at="2020-07-28T07:07:31 PDT">
          <reporter-output>
          </reporter-output>
        </test-method> <!-- tearDown -->
      </class> <!-- tests.MakeCourseExerciseVisibleTest -->
      <class name="tests.AddDeniedCourseTest">
        <test-method status="PASS" signature="setUp(java.lang.String)[pri:0, instance:tests.AddDeniedCourseTest@66a3ffec]" name="setUp" is-config="true" duration-ms="313" started-at="2020-07-28T07:08:10 PDT" finished-at="2020-07-28T07:08:10 PDT">
          <params>
            <param index="0">
              <value>
                <![CDATA[3000]]>
              </value>
            </param>
          </params>
          <reporter-output>
          </reporter-output>
        </test-method> <!-- setUp -->
        <test-method status="PASS" signature="testClarolineAddDeniedCourse()[pri:0, instance:tests.AddDeniedCourseTest@66a3ffec]" name="testClarolineAddDeniedCourse" duration-ms="1543" started-at="2020-07-28T07:08:10 PDT" finished-at="2020-07-28T07:08:12 PDT">
          <reporter-output>
          </reporter-output>
        </test-method> <!-- testClarolineAddDeniedCourse -->
        <test-method status="PASS" signature="tearDown()[pri:0, instance:tests.AddDeniedCourseTest@66a3ffec]" name="tearDown" is-config="true" duration-ms="72" started-at="2020-07-28T07:08:12 PDT" finished-at="2020-07-28T07:08:12 PDT">
          <reporter-output>
          </reporter-output>
        </test-method> <!-- tearDown -->
      </class> <!-- tests.AddDeniedCourseTest -->
      <class name="tests.EnrolDeniedCourseTest">
        <test-method status="PASS" signature="setUp(java.lang.String)[pri:0, instance:tests.EnrolDeniedCourseTest@77caeb3e]" name="setUp" is-config="true" duration-ms="324" started-at="2020-07-28T07:08:12 PDT" finished-at="2020-07-28T07:08:12 PDT">
          <params>
            <param index="0">
              <value>
                <![CDATA[3000]]>
              </value>
            </param>
          </params>
          <reporter-output>
          </reporter-output>
        </test-method> <!-- setUp -->
        <test-method status="PASS" signature="testClarolineEnrolDeniedCourse()[pri:0, instance:tests.EnrolDeniedCourseTest@77caeb3e]" name="testClarolineEnrolDeniedCourse" duration-ms="938" started-at="2020-07-28T07:08:12 PDT" finished-at="2020-07-28T07:08:13 PDT">
          <reporter-output>
          </reporter-output>
        </test-method> <!-- testClarolineEnrolDeniedCourse -->
        <test-method status="PASS" signature="tearDown()[pri:0, instance:tests.EnrolDeniedCourseTest@77caeb3e]" name="tearDown" is-config="true" duration-ms="70" started-at="2020-07-28T07:08:13 PDT" finished-at="2020-07-28T07:08:13 PDT">
          <reporter-output>
          </reporter-output>
        </test-method> <!-- tearDown -->
      </class> <!-- tests.EnrolDeniedCourseTest -->
      <class name="tests.AddCourseExerciseTest">
        <test-method status="PASS" signature="setUp(java.lang.String)[pri:0, instance:tests.AddCourseExerciseTest@d8355a8]" name="setUp" is-config="true" duration-ms="319" started-at="2020-07-28T07:07:28 PDT" finished-at="2020-07-28T07:07:28 PDT">
          <params>
            <param index="0">
              <value>
                <![CDATA[3000]]>
              </value>
            </param>
          </params>
          <reporter-output>
          </reporter-output>
        </test-method> <!-- setUp -->
        <test-method status="PASS" signature="testClarolineAddCourseExercise()[pri:0, instance:tests.AddCourseExerciseTest@d8355a8]" name="testClarolineAddCourseExercise" duration-ms="1439" started-at="2020-07-28T07:07:28 PDT" finished-at="2020-07-28T07:07:30 PDT">
          <reporter-output>
          </reporter-output>
        </test-method> <!-- testClarolineAddCourseExercise -->
        <test-method status="PASS" signature="tearDown()[pri:0, instance:tests.AddCourseExerciseTest@d8355a8]" name="tearDown" is-config="true" duration-ms="76" started-at="2020-07-28T07:07:30 PDT" finished-at="2020-07-28T07:07:30 PDT">
          <reporter-output>
          </reporter-output>
        </test-method> <!-- tearDown -->
      </class> <!-- tests.AddCourseExerciseTest -->
      <class name="tests.SearchMultipleUsersTest">
        <test-method status="PASS" signature="setUp(java.lang.String)[pri:0, instance:tests.SearchMultipleUsersTest@61832929]" name="setUp" is-config="true" duration-ms="338" started-at="2020-07-28T07:07:44 PDT" finished-at="2020-07-28T07:07:44 PDT">
          <params>
            <param index="0">
              <value>
                <![CDATA[3000]]>
              </value>
            </param>
          </params>
          <reporter-output>
          </reporter-output>
        </test-method> <!-- setUp -->
        <test-method status="PASS" signature="testClarolineSearchMultipleUsers()[pri:0, instance:tests.SearchMultipleUsersTest@61832929]" name="testClarolineSearchMultipleUsers" duration-ms="1064" started-at="2020-07-28T07:07:44 PDT" finished-at="2020-07-28T07:07:45 PDT">
          <reporter-output>
          </reporter-output>
        </test-method> <!-- testClarolineSearchMultipleUsers -->
        <test-method status="PASS" signature="tearDown()[pri:0, instance:tests.SearchMultipleUsersTest@61832929]" name="tearDown" is-config="true" duration-ms="76" started-at="2020-07-28T07:07:45 PDT" finished-at="2020-07-28T07:07:45 PDT">
          <reporter-output>
          </reporter-output>
        </test-method> <!-- tearDown -->
      </class> <!-- tests.SearchMultipleUsersTest -->
      <class name="tests.EnrolPasswordCourseWrongPasswordUserTest">
        <test-method status="PASS" signature="setUp(java.lang.String)[pri:0, instance:tests.EnrolPasswordCourseWrongPasswordUserTest@42d80b78]" name="setUp" is-config="true" duration-ms="329" started-at="2020-07-28T07:08:15 PDT" finished-at="2020-07-28T07:08:16 PDT">
          <params>
            <param index="0">
              <value>
                <![CDATA[3000]]>
              </value>
            </param>
          </params>
          <reporter-output>
          </reporter-output>
        </test-method> <!-- setUp -->
        <test-method status="PASS" signature="testClarolineEnrolPasswordCourseWrongPasswordUser()[pri:0, instance:tests.EnrolPasswordCourseWrongPasswordUserTest@42d80b78]" name="testClarolineEnrolPasswordCourseWrongPasswordUser" duration-ms="1150" started-at="2020-07-28T07:08:16 PDT" finished-at="2020-07-28T07:08:17 PDT">
          <reporter-output>
          </reporter-output>
        </test-method> <!-- testClarolineEnrolPasswordCourseWrongPasswordUser -->
        <test-method status="PASS" signature="tearDown()[pri:0, instance:tests.EnrolPasswordCourseWrongPasswordUserTest@42d80b78]" name="tearDown" is-config="true" duration-ms="72" started-at="2020-07-28T07:08:17 PDT" finished-at="2020-07-28T07:08:17 PDT">
          <reporter-output>
          </reporter-output>
        </test-method> <!-- tearDown -->
      </class> <!-- tests.EnrolPasswordCourseWrongPasswordUserTest -->
      <class name="tests.RemoveCourseExerciseTest">
        <test-method status="PASS" signature="setUp(java.lang.String)[pri:0, instance:tests.RemoveCourseExerciseTest@6a4f787b]" name="setUp" is-config="true" duration-ms="329" started-at="2020-07-28T07:08:26 PDT" finished-at="2020-07-28T07:08:27 PDT">
          <params>
            <param index="0">
              <value>
                <![CDATA[3000]]>
              </value>
            </param>
          </params>
          <reporter-output>
          </reporter-output>
        </test-method> <!-- setUp -->
        <test-method status="PASS" signature="testClarolineRemoveCourseExercise()[pri:0, instance:tests.RemoveCourseExerciseTest@6a4f787b]" name="testClarolineRemoveCourseExercise" duration-ms="1012" started-at="2020-07-28T07:08:27 PDT" finished-at="2020-07-28T07:08:28 PDT">
          <reporter-output>
          </reporter-output>
        </test-method> <!-- testClarolineRemoveCourseExercise -->
        <test-method status="PASS" signature="tearDown()[pri:0, instance:tests.RemoveCourseExerciseTest@6a4f787b]" name="tearDown" is-config="true" duration-ms="71" started-at="2020-07-28T07:08:28 PDT" finished-at="2020-07-28T07:08:28 PDT">
          <reporter-output>
          </reporter-output>
        </test-method> <!-- tearDown -->
      </class> <!-- tests.RemoveCourseExerciseTest -->
      <class name="tests.RemoveEnrolMultipleUsersTest">
        <test-method status="PASS" signature="setUp(java.lang.String)[pri:0, instance:tests.RemoveEnrolMultipleUsersTest@68c4039c]" name="setUp" is-config="true" duration-ms="335" started-at="2020-07-28T07:07:59 PDT" finished-at="2020-07-28T07:07:59 PDT">
          <params>
            <param index="0">
              <value>
                <![CDATA[3000]]>
              </value>
            </param>
          </params>
          <reporter-output>
          </reporter-output>
        </test-method> <!-- setUp -->
        <test-method status="PASS" signature="testClarolineRemoveEnrolMultipleUsers()[pri:0, instance:tests.RemoveEnrolMultipleUsersTest@68c4039c]" name="testClarolineRemoveEnrolMultipleUsers" duration-ms="1240" started-at="2020-07-28T07:07:59 PDT" finished-at="2020-07-28T07:08:00 PDT">
          <reporter-output>
          </reporter-output>
        </test-method> <!-- testClarolineRemoveEnrolMultipleUsers -->
        <test-method status="PASS" signature="tearDown()[pri:0, instance:tests.RemoveEnrolMultipleUsersTest@68c4039c]" name="tearDown" is-config="true" duration-ms="73" started-at="2020-07-28T07:08:00 PDT" finished-at="2020-07-28T07:08:00 PDT">
          <reporter-output>
          </reporter-output>
        </test-method> <!-- tearDown -->
      </class> <!-- tests.RemoveEnrolMultipleUsersTest -->
      <class name="tests.AddCourseExerciseQuestionsTest">
        <test-method status="PASS" signature="setUp(java.lang.String)[pri:0, instance:tests.AddCourseExerciseQuestionsTest@28d25987]" name="setUp" is-config="true" duration-ms="333" started-at="2020-07-28T07:07:31 PDT" finished-at="2020-07-28T07:07:31 PDT">
          <params>
            <param index="0">
              <value>
                <![CDATA[3000]]>
              </value>
            </param>
          </params>
          <reporter-output>
          </reporter-output>
        </test-method> <!-- setUp -->
        <test-method status="PASS" signature="testClarolineAddCourseExerciseQuestions()[pri:0, instance:tests.AddCourseExerciseQuestionsTest@28d25987]" name="testClarolineAddCourseExerciseQuestions" duration-ms="5365" started-at="2020-07-28T07:07:31 PDT" finished-at="2020-07-28T07:07:37 PDT">
          <reporter-output>
          </reporter-output>
        </test-method> <!-- testClarolineAddCourseExerciseQuestions -->
        <test-method status="PASS" signature="tearDown()[pri:0, instance:tests.AddCourseExerciseQuestionsTest@28d25987]" name="tearDown" is-config="true" duration-ms="68" started-at="2020-07-28T07:07:37 PDT" finished-at="2020-07-28T07:07:37 PDT">
          <reporter-output>
          </reporter-output>
        </test-method> <!-- tearDown -->
      </class> <!-- tests.AddCourseExerciseQuestionsTest -->
      <class name="tests.SearchStudentTest">
        <test-method status="PASS" signature="setUp(java.lang.String)[pri:0, instance:tests.SearchStudentTest@29774679]" name="setUp" is-config="true" duration-ms="334" started-at="2020-07-28T07:07:45 PDT" finished-at="2020-07-28T07:07:45 PDT">
          <params>
            <param index="0">
              <value>
                <![CDATA[3000]]>
              </value>
            </param>
          </params>
          <reporter-output>
          </reporter-output>
        </test-method> <!-- setUp -->
        <test-method status="PASS" signature="testClarolineSearchStudent()[pri:0, instance:tests.SearchStudentTest@29774679]" name="testClarolineSearchStudent" duration-ms="1036" started-at="2020-07-28T07:07:45 PDT" finished-at="2020-07-28T07:07:47 PDT">
          <reporter-output>
          </reporter-output>
        </test-method> <!-- testClarolineSearchStudent -->
        <test-method status="PASS" signature="tearDown()[pri:0, instance:tests.SearchStudentTest@29774679]" name="tearDown" is-config="true" duration-ms="78" started-at="2020-07-28T07:07:47 PDT" finished-at="2020-07-28T07:07:47 PDT">
          <reporter-output>
          </reporter-output>
        </test-method> <!-- tearDown -->
      </class> <!-- tests.SearchStudentTest -->
      <class name="tests.LoginUserTest">
        <test-method status="PASS" signature="setUp(java.lang.String)[pri:0, instance:tests.LoginUserTest@26be92ad]" name="setUp" is-config="true" duration-ms="333" started-at="2020-07-28T07:07:20 PDT" finished-at="2020-07-28T07:07:20 PDT">
          <params>
            <param index="0">
              <value>
                <![CDATA[3000]]>
              </value>
            </param>
          </params>
          <reporter-output>
          </reporter-output>
        </test-method> <!-- setUp -->
        <test-method status="PASS" signature="testClarolineLoginUser()[pri:0, instance:tests.LoginUserTest@26be92ad]" name="testClarolineLoginUser" duration-ms="540" started-at="2020-07-28T07:07:20 PDT" finished-at="2020-07-28T07:07:20 PDT">
          <reporter-output>
          </reporter-output>
        </test-method> <!-- testClarolineLoginUser -->
        <test-method status="PASS" signature="tearDown()[pri:0, instance:tests.LoginUserTest@26be92ad]" name="tearDown" is-config="true" duration-ms="74" started-at="2020-07-28T07:07:20 PDT" finished-at="2020-07-28T07:07:20 PDT">
          <reporter-output>
          </reporter-output>
        </test-method> <!-- tearDown -->
      </class> <!-- tests.LoginUserTest -->
      <class name="tests.SearchAndRemovePasswordCourseTest">
        <test-method status="PASS" signature="setUp(java.lang.String)[pri:0, instance:tests.SearchAndRemovePasswordCourseTest@5e3a8624]" name="setUp" is-config="true" duration-ms="334" started-at="2020-07-28T07:08:20 PDT" finished-at="2020-07-28T07:08:20 PDT">
          <params>
            <param index="0">
              <value>
                <![CDATA[3000]]>
              </value>
            </param>
          </params>
          <reporter-output>
          </reporter-output>
        </test-method> <!-- setUp -->
        <test-method status="PASS" signature="testClarolineSearchAndRemovePasswordCourse()[pri:0, instance:tests.SearchAndRemovePasswordCourseTest@5e3a8624]" name="testClarolineSearchAndRemovePasswordCourse" duration-ms="1191" started-at="2020-07-28T07:08:20 PDT" finished-at="2020-07-28T07:08:21 PDT">
          <reporter-output>
          </reporter-output>
        </test-method> <!-- testClarolineSearchAndRemovePasswordCourse -->
        <test-method status="PASS" signature="tearDown()[pri:0, instance:tests.SearchAndRemovePasswordCourseTest@5e3a8624]" name="tearDown" is-config="true" duration-ms="80" started-at="2020-07-28T07:08:21 PDT" finished-at="2020-07-28T07:08:21 PDT">
          <reporter-output>
          </reporter-output>
        </test-method> <!-- tearDown -->
      </class> <!-- tests.SearchAndRemovePasswordCourseTest -->
      <class name="tests.DoCourseExerciseQuestionsTest">
        <test-method status="PASS" signature="setUp(java.lang.String)[pri:0, instance:tests.DoCourseExerciseQuestionsTest@4501b7af]" name="setUp" is-config="true" duration-ms="360" started-at="2020-07-28T07:07:37 PDT" finished-at="2020-07-28T07:07:37 PDT">
          <params>
            <param index="0">
              <value>
                <![CDATA[3000]]>
              </value>
            </param>
          </params>
          <reporter-output>
          </reporter-output>
        </test-method> <!-- setUp -->
        <test-method status="PASS" signature="testClarolineDoCourseExerciseQuestions()[pri:0, instance:tests.DoCourseExerciseQuestionsTest@4501b7af]" name="testClarolineDoCourseExerciseQuestions" duration-ms="1373" started-at="2020-07-28T07:07:37 PDT" finished-at="2020-07-28T07:07:38 PDT">
          <reporter-output>
          </reporter-output>
        </test-method> <!-- testClarolineDoCourseExerciseQuestions -->
        <test-method status="PASS" signature="tearDown()[pri:0, instance:tests.DoCourseExerciseQuestionsTest@4501b7af]" name="tearDown" is-config="true" duration-ms="67" started-at="2020-07-28T07:07:38 PDT" finished-at="2020-07-28T07:07:38 PDT">
          <reporter-output>
          </reporter-output>
        </test-method> <!-- tearDown -->
      </class> <!-- tests.DoCourseExerciseQuestionsTest -->
      <class name="tests.SearchTeacherTest">
        <test-method status="PASS" signature="setUp(java.lang.String)[pri:0, instance:tests.SearchTeacherTest@3ffc5af1]" name="setUp" is-config="true" duration-ms="313" started-at="2020-07-28T07:07:47 PDT" finished-at="2020-07-28T07:07:47 PDT">
          <params>
            <param index="0">
              <value>
                <![CDATA[3000]]>
              </value>
            </param>
          </params>
          <reporter-output>
          </reporter-output>
        </test-method> <!-- setUp -->
        <test-method status="PASS" signature="testClarolineSearchTeacher()[pri:0, instance:tests.SearchTeacherTest@3ffc5af1]" name="testClarolineSearchTeacher" duration-ms="1010" started-at="2020-07-28T07:07:47 PDT" finished-at="2020-07-28T07:07:48 PDT">
          <reporter-output>
          </reporter-output>
        </test-method> <!-- testClarolineSearchTeacher -->
        <test-method status="PASS" signature="tearDown()[pri:0, instance:tests.SearchTeacherTest@3ffc5af1]" name="tearDown" is-config="true" duration-ms="71" started-at="2020-07-28T07:07:48 PDT" finished-at="2020-07-28T07:07:48 PDT">
          <reporter-output>
          </reporter-output>
        </test-method> <!-- tearDown -->
      </class> <!-- tests.SearchTeacherTest -->
      <class name="tests.EnrolPasswordCourseGoodPasswordUserTest">
        <test-method status="PASS" signature="setUp(java.lang.String)[pri:0, instance:tests.EnrolPasswordCourseGoodPasswordUserTest@3bfdc050]" name="setUp" is-config="true" duration-ms="334" started-at="2020-07-28T07:08:17 PDT" finished-at="2020-07-28T07:08:17 PDT">
          <params>
            <param index="0">
              <value>
                <![CDATA[3000]]>
              </value>
            </param>
          </params>
          <reporter-output>
          </reporter-output>
        </test-method> <!-- setUp -->
        <test-method status="PASS" signature="testClarolineEnrolPasswordCourseGoodPasswordUser()[pri:0, instance:tests.EnrolPasswordCourseGoodPasswordUserTest@3bfdc050]" name="testClarolineEnrolPasswordCourseGoodPasswordUser" duration-ms="1183" started-at="2020-07-28T07:08:17 PDT" finished-at="2020-07-28T07:08:18 PDT">
          <reporter-output>
          </reporter-output>
        </test-method> <!-- testClarolineEnrolPasswordCourseGoodPasswordUser -->
        <test-method status="PASS" signature="tearDown()[pri:0, instance:tests.EnrolPasswordCourseGoodPasswordUserTest@3bfdc050]" name="tearDown" is-config="true" duration-ms="72" started-at="2020-07-28T07:08:18 PDT" finished-at="2020-07-28T07:08:18 PDT">
          <reporter-output>
          </reporter-output>
        </test-method> <!-- tearDown -->
      </class> <!-- tests.EnrolPasswordCourseGoodPasswordUserTest -->
      <class name="tests.AddPasswordCourseTest">
        <test-method status="PASS" signature="setUp(java.lang.String)[pri:0, instance:tests.AddPasswordCourseTest@1e88b3c]" name="setUp" is-config="true" duration-ms="323" started-at="2020-07-28T07:08:13 PDT" finished-at="2020-07-28T07:08:13 PDT">
          <params>
            <param index="0">
              <value>
                <![CDATA[3000]]>
              </value>
            </param>
          </params>
          <reporter-output>
          </reporter-output>
        </test-method> <!-- setUp -->
        <test-method status="PASS" signature="testClarolineAddPasswordCourse()[pri:0, instance:tests.AddPasswordCourseTest@1e88b3c]" name="testClarolineAddPasswordCourse" duration-ms="1697" started-at="2020-07-28T07:08:13 PDT" finished-at="2020-07-28T07:08:15 PDT">
          <reporter-output>
          </reporter-output>
        </test-method> <!-- testClarolineAddPasswordCourse -->
        <test-method status="PASS" signature="tearDown()[pri:0, instance:tests.AddPasswordCourseTest@1e88b3c]" name="tearDown" is-config="true" duration-ms="68" started-at="2020-07-28T07:08:15 PDT" finished-at="2020-07-28T07:08:15 PDT">
          <reporter-output>
          </reporter-output>
        </test-method> <!-- tearDown -->
      </class> <!-- tests.AddPasswordCourseTest -->
      <class name="tests.AddCourseEventTest">
        <test-method status="PASS" signature="setUp(java.lang.String)[pri:0, instance:tests.AddCourseEventTest@46d56d67]" name="setUp" is-config="true" duration-ms="391" started-at="2020-07-28T07:07:25 PDT" finished-at="2020-07-28T07:07:26 PDT">
          <params>
            <param index="0">
              <value>
                <![CDATA[3000]]>
              </value>
            </param>
          </params>
          <reporter-output>
          </reporter-output>
        </test-method> <!-- setUp -->
        <test-method status="PASS" signature="testClarolineAddCourseEvent()[pri:0, instance:tests.AddCourseEventTest@46d56d67]" name="testClarolineAddCourseEvent" duration-ms="1946" started-at="2020-07-28T07:07:26 PDT" finished-at="2020-07-28T07:07:28 PDT">
          <reporter-output>
          </reporter-output>
        </test-method> <!-- testClarolineAddCourseEvent -->
        <test-method status="PASS" signature="tearDown()[pri:0, instance:tests.AddCourseEventTest@46d56d67]" name="tearDown" is-config="true" duration-ms="78" started-at="2020-07-28T07:07:28 PDT" finished-at="2020-07-28T07:07:28 PDT">
          <reporter-output>
          </reporter-output>
        </test-method> <!-- tearDown -->
      </class> <!-- tests.AddCourseEventTest -->
      <class name="tests.SearchCourseTest">
        <test-method status="PASS" signature="setUp(java.lang.String)[pri:0, instance:tests.SearchCourseTest@224edc67]" name="setUp" is-config="true" duration-ms="348" started-at="2020-07-28T07:07:23 PDT" finished-at="2020-07-28T07:07:23 PDT">
          <params>
            <param index="0">
              <value>
                <![CDATA[3000]]>
              </value>
            </param>
          </params>
          <reporter-output>
          </reporter-output>
        </test-method> <!-- setUp -->
        <test-method status="PASS" signature="testClarolineSearchCourse()[pri:0, instance:tests.SearchCourseTest@224edc67]" name="testClarolineSearchCourse" duration-ms="928" started-at="2020-07-28T07:07:23 PDT" finished-at="2020-07-28T07:07:24 PDT">
          <reporter-output>
          </reporter-output>
        </test-method> <!-- testClarolineSearchCourse -->
        <test-method status="PASS" signature="tearDown()[pri:0, instance:tests.SearchCourseTest@224edc67]" name="tearDown" is-config="true" duration-ms="69" started-at="2020-07-28T07:07:24 PDT" finished-at="2020-07-28T07:07:24 PDT">
          <reporter-output>
          </reporter-output>
        </test-method> <!-- tearDown -->
      </class> <!-- tests.SearchCourseTest -->
      <class name="tests.RemoveCourseEventTest">
        <test-method status="PASS" signature="setUp(java.lang.String)[pri:0, instance:tests.RemoveCourseEventTest@604ed9f0]" name="setUp" is-config="true" duration-ms="349" started-at="2020-07-28T07:08:25 PDT" finished-at="2020-07-28T07:08:25 PDT">
          <params>
            <param index="0">
              <value>
                <![CDATA[3000]]>
              </value>
            </param>
          </params>
          <reporter-output>
          </reporter-output>
        </test-method> <!-- setUp -->
        <test-method status="PASS" signature="testClarolineRemoveCourseEvent()[pri:0, instance:tests.RemoveCourseEventTest@604ed9f0]" name="testClarolineRemoveCourseEvent" duration-ms="1135" started-at="2020-07-28T07:08:25 PDT" finished-at="2020-07-28T07:08:26 PDT">
          <reporter-output>
          </reporter-output>
        </test-method> <!-- testClarolineRemoveCourseEvent -->
        <test-method status="PASS" signature="tearDown()[pri:0, instance:tests.RemoveCourseEventTest@604ed9f0]" name="tearDown" is-config="true" duration-ms="69" started-at="2020-07-28T07:08:26 PDT" finished-at="2020-07-28T07:08:26 PDT">
          <reporter-output>
          </reporter-output>
        </test-method> <!-- tearDown -->
      </class> <!-- tests.RemoveCourseEventTest -->
      <class name="tests.AddMultipleUsersTest">
        <test-method status="PASS" signature="setUp(java.lang.String)[pri:0, instance:tests.AddMultipleUsersTest@5b275dab]" name="setUp" is-config="true" duration-ms="328" started-at="2020-07-28T07:07:40 PDT" finished-at="2020-07-28T07:07:40 PDT">
          <params>
            <param index="0">
              <value>
                <![CDATA[3000]]>
              </value>
            </param>
          </params>
          <reporter-output>
          </reporter-output>
        </test-method> <!-- setUp -->
        <test-method status="PASS" signature="testClarolineAddMultipleUsers()[pri:0, instance:tests.AddMultipleUsersTest@5b275dab]" name="testClarolineAddMultipleUsers" duration-ms="3405" started-at="2020-07-28T07:07:40 PDT" finished-at="2020-07-28T07:07:44 PDT">
          <reporter-output>
          </reporter-output>
        </test-method> <!-- testClarolineAddMultipleUsers -->
        <test-method status="PASS" signature="tearDown()[pri:0, instance:tests.AddMultipleUsersTest@5b275dab]" name="tearDown" is-config="true" duration-ms="81" started-at="2020-07-28T07:07:44 PDT" finished-at="2020-07-28T07:07:44 PDT">
          <reporter-output>
          </reporter-output>
        </test-method> <!-- tearDown -->
      </class> <!-- tests.AddMultipleUsersTest -->
      <class name="tests.RemoveCourseTest">
        <test-method status="PASS" signature="setUp(java.lang.String)[pri:0, instance:tests.RemoveCourseTest@7cd62f43]" name="setUp" is-config="true" duration-ms="330" started-at="2020-07-28T07:08:30 PDT" finished-at="2020-07-28T07:08:31 PDT">
          <params>
            <param index="0">
              <value>
                <![CDATA[3000]]>
              </value>
            </param>
          </params>
          <reporter-output>
          </reporter-output>
        </test-method> <!-- setUp -->
        <test-method status="PASS" signature="testClarolineRemoveCourse()[pri:0, instance:tests.RemoveCourseTest@7cd62f43]" name="testClarolineRemoveCourse" duration-ms="1041" started-at="2020-07-28T07:08:31 PDT" finished-at="2020-07-28T07:08:32 PDT">
          <reporter-output>
          </reporter-output>
        </test-method> <!-- testClarolineRemoveCourse -->
        <test-method status="PASS" signature="tearDown()[pri:0, instance:tests.RemoveCourseTest@7cd62f43]" name="tearDown" is-config="true" duration-ms="71" started-at="2020-07-28T07:08:32 PDT" finished-at="2020-07-28T07:08:32 PDT">
          <reporter-output>
          </reporter-output>
        </test-method> <!-- tearDown -->
      </class> <!-- tests.RemoveCourseTest -->
      <class name="tests.DoCourseExerciseQuestionsMultipleUsersTest">
        <test-method status="PASS" signature="setUp(java.lang.String)[pri:0, instance:tests.DoCourseExerciseQuestionsMultipleUsersTest@3532ec19]" name="setUp" is-config="true" duration-ms="328" started-at="2020-07-28T07:07:53 PDT" finished-at="2020-07-28T07:07:54 PDT">
          <params>
            <param index="0">
              <value>
                <![CDATA[3000]]>
              </value>
            </param>
          </params>
          <reporter-output>
          </reporter-output>
        </test-method> <!-- setUp -->
        <test-method status="PASS" signature="testClarolineDoCourseExerciseQuestionsMultipleUsers()[pri:0, instance:tests.DoCourseExerciseQuestionsMultipleUsersTest@3532ec19]" name="testClarolineDoCourseExerciseQuestionsMultipleUsers" duration-ms="4752" started-at="2020-07-28T07:07:54 PDT" finished-at="2020-07-28T07:07:58 PDT">
          <reporter-output>
          </reporter-output>
        </test-method> <!-- testClarolineDoCourseExerciseQuestionsMultipleUsers -->
        <test-method status="PASS" signature="tearDown()[pri:0, instance:tests.DoCourseExerciseQuestionsMultipleUsersTest@3532ec19]" name="tearDown" is-config="true" duration-ms="75" started-at="2020-07-28T07:07:58 PDT" finished-at="2020-07-28T07:07:59 PDT">
          <reporter-output>
          </reporter-output>
        </test-method> <!-- tearDown -->
      </class> <!-- tests.DoCourseExerciseQuestionsMultipleUsersTest -->
      <class name="tests.SearchAndRemoveDeniedCourseTest">
        <test-method status="PASS" signature="setUp(java.lang.String)[pri:0, instance:tests.SearchAndRemoveDeniedCourseTest@5c3bd550]" name="setUp" is-config="true" duration-ms="342" started-at="2020-07-28T07:08:21 PDT" finished-at="2020-07-28T07:08:22 PDT">
          <params>
            <param index="0">
              <value>
                <![CDATA[3000]]>
              </value>
            </param>
          </params>
          <reporter-output>
          </reporter-output>
        </test-method> <!-- setUp -->
        <test-method status="PASS" signature="testClarolineSearchAndRemoveDeniedCourse()[pri:0, instance:tests.SearchAndRemoveDeniedCourseTest@5c3bd550]" name="testClarolineSearchAndRemoveDeniedCourse" duration-ms="1168" started-at="2020-07-28T07:08:22 PDT" finished-at="2020-07-28T07:08:23 PDT">
          <reporter-output>
          </reporter-output>
        </test-method> <!-- testClarolineSearchAndRemoveDeniedCourse -->
        <test-method status="PASS" signature="tearDown()[pri:0, instance:tests.SearchAndRemoveDeniedCourseTest@5c3bd550]" name="tearDown" is-config="true" duration-ms="70" started-at="2020-07-28T07:08:23 PDT" finished-at="2020-07-28T07:08:23 PDT">
          <reporter-output>
          </reporter-output>
        </test-method> <!-- tearDown -->
      </class> <!-- tests.SearchAndRemoveDeniedCourseTest -->
      <class name="tests.SearchAdminTest">
        <test-method status="PASS" signature="setUp(java.lang.String)[pri:0, instance:tests.SearchAdminTest@5e5792a0]" name="setUp" is-config="true" duration-ms="321" started-at="2020-07-28T07:07:48 PDT" finished-at="2020-07-28T07:07:48 PDT">
          <params>
            <param index="0">
              <value>
                <![CDATA[3000]]>
              </value>
            </param>
          </params>
          <reporter-output>
          </reporter-output>
        </test-method> <!-- setUp -->
        <test-method status="PASS" signature="testClarolineSearchAdmin()[pri:0, instance:tests.SearchAdminTest@5e5792a0]" name="testClarolineSearchAdmin" duration-ms="1023" started-at="2020-07-28T07:07:48 PDT" finished-at="2020-07-28T07:07:49 PDT">
          <reporter-output>
          </reporter-output>
        </test-method> <!-- testClarolineSearchAdmin -->
        <test-method status="PASS" signature="tearDown()[pri:0, instance:tests.SearchAdminTest@5e5792a0]" name="tearDown" is-config="true" duration-ms="68" started-at="2020-07-28T07:07:49 PDT" finished-at="2020-07-28T07:07:49 PDT">
          <reporter-output>
          </reporter-output>
        </test-method> <!-- tearDown -->
      </class> <!-- tests.SearchAdminTest -->
      <class name="tests.SearchAllowedCourseTest">
        <test-method status="PASS" signature="setUp(java.lang.String)[pri:0, instance:tests.SearchAllowedCourseTest@1bce4f0a]" name="setUp" is-config="true" duration-ms="306" started-at="2020-07-28T07:08:18 PDT" finished-at="2020-07-28T07:08:19 PDT">
          <params>
            <param index="0">
              <value>
                <![CDATA[3000]]>
              </value>
            </param>
          </params>
          <reporter-output>
          </reporter-output>
        </test-method> <!-- setUp -->
        <test-method status="PASS" signature="testClarolineSearchAllowedCourse()[pri:0, instance:tests.SearchAllowedCourseTest@1bce4f0a]" name="testClarolineSearchAllowedCourse" duration-ms="1051" started-at="2020-07-28T07:08:19 PDT" finished-at="2020-07-28T07:08:20 PDT">
          <reporter-output>
          </reporter-output>
        </test-method> <!-- testClarolineSearchAllowedCourse -->
        <test-method status="PASS" signature="tearDown()[pri:0, instance:tests.SearchAllowedCourseTest@1bce4f0a]" name="tearDown" is-config="true" duration-ms="68" started-at="2020-07-28T07:08:20 PDT" finished-at="2020-07-28T07:08:20 PDT">
          <reporter-output>
          </reporter-output>
        </test-method> <!-- tearDown -->
      </class> <!-- tests.SearchAllowedCourseTest -->
      <class name="tests.RemoveMultipleUsersTest">
        <test-method status="PASS" signature="setUp(java.lang.String)[pri:0, instance:tests.RemoveMultipleUsersTest@ae45eb6]" name="setUp" is-config="true" duration-ms="353" started-at="2020-07-28T07:08:00 PDT" finished-at="2020-07-28T07:08:01 PDT">
          <params>
            <param index="0">
              <value>
                <![CDATA[3000]]>
              </value>
            </param>
          </params>
          <reporter-output>
          </reporter-output>
        </test-method> <!-- setUp -->
        <test-method status="PASS" signature="testClarolineRemoveMultipleUsers()[pri:0, instance:tests.RemoveMultipleUsersTest@ae45eb6]" name="testClarolineRemoveMultipleUsers" duration-ms="1297" started-at="2020-07-28T07:08:01 PDT" finished-at="2020-07-28T07:08:02 PDT">
          <reporter-output>
          </reporter-output>
        </test-method> <!-- testClarolineRemoveMultipleUsers -->
        <test-method status="PASS" signature="tearDown()[pri:0, instance:tests.RemoveMultipleUsersTest@ae45eb6]" name="tearDown" is-config="true" duration-ms="76" started-at="2020-07-28T07:08:02 PDT" finished-at="2020-07-28T07:08:02 PDT">
          <reporter-output>
          </reporter-output>
        </test-method> <!-- tearDown -->
      </class> <!-- tests.RemoveMultipleUsersTest -->
      <class name="tests.RemoveUserTest">
        <test-method status="PASS" signature="setUp(java.lang.String)[pri:0, instance:tests.RemoveUserTest@6a41eaa2]" name="setUp" is-config="true" duration-ms="325" started-at="2020-07-28T07:08:29 PDT" finished-at="2020-07-28T07:08:29 PDT">
          <params>
            <param index="0">
              <value>
                <![CDATA[3000]]>
              </value>
            </param>
          </params>
          <reporter-output>
          </reporter-output>
        </test-method> <!-- setUp -->
        <test-method status="PASS" signature="testClarolineRemoveUser()[pri:0, instance:tests.RemoveUserTest@6a41eaa2]" name="testClarolineRemoveUser" duration-ms="1000" started-at="2020-07-28T07:08:29 PDT" finished-at="2020-07-28T07:08:30 PDT">
          <reporter-output>
          </reporter-output>
        </test-method> <!-- testClarolineRemoveUser -->
        <test-method status="PASS" signature="tearDown()[pri:0, instance:tests.RemoveUserTest@6a41eaa2]" name="tearDown" is-config="true" duration-ms="72" started-at="2020-07-28T07:08:30 PDT" finished-at="2020-07-28T07:08:30 PDT">
          <reporter-output>
          </reporter-output>
        </test-method> <!-- tearDown -->
      </class> <!-- tests.RemoveUserTest -->
      <class name="tests.AddWrongPasswordUserTest">
        <test-method status="PASS" signature="setUp(java.lang.String)[pri:0, instance:tests.AddWrongPasswordUserTest@47c62251]" name="setUp" is-config="true" duration-ms="314" started-at="2020-07-28T07:08:07 PDT" finished-at="2020-07-28T07:08:07 PDT">
          <params>
            <param index="0">
              <value>
                <![CDATA[3000]]>
              </value>
            </param>
          </params>
          <reporter-output>
          </reporter-output>
        </test-method> <!-- setUp -->
        <test-method status="PASS" signature="testClarolineAddWrongPasswordUser()[pri:0, instance:tests.AddWrongPasswordUserTest@47c62251]" name="testClarolineAddWrongPasswordUser" duration-ms="1352" started-at="2020-07-28T07:08:07 PDT" finished-at="2020-07-28T07:08:08 PDT">
          <reporter-output>
          </reporter-output>
        </test-method> <!-- testClarolineAddWrongPasswordUser -->
        <test-method status="PASS" signature="tearDown()[pri:0, instance:tests.AddWrongPasswordUserTest@47c62251]" name="tearDown" is-config="true" duration-ms="66" started-at="2020-07-28T07:08:08 PDT" finished-at="2020-07-28T07:08:09 PDT">
          <reporter-output>
          </reporter-output>
        </test-method> <!-- tearDown -->
      </class> <!-- tests.AddWrongPasswordUserTest -->
      <class name="tests.AddEmptyUserTest">
        <test-method status="PASS" signature="setUp(java.lang.String)[pri:0, instance:tests.AddEmptyUserTest@59f99ea]" name="setUp" is-config="true" duration-ms="313" started-at="2020-07-28T07:08:02 PDT" finished-at="2020-07-28T07:08:02 PDT">
          <params>
            <param index="0">
              <value>
                <![CDATA[3000]]>
              </value>
            </param>
          </params>
          <reporter-output>
          </reporter-output>
        </test-method> <!-- setUp -->
        <test-method status="PASS" signature="testClarolineAddEmptyUser()[pri:0, instance:tests.AddEmptyUserTest@59f99ea]" name="testClarolineAddEmptyUser" duration-ms="852" started-at="2020-07-28T07:08:02 PDT" finished-at="2020-07-28T07:08:03 PDT">
          <reporter-output>
          </reporter-output>
        </test-method> <!-- testClarolineAddEmptyUser -->
        <test-method status="PASS" signature="tearDown()[pri:0, instance:tests.AddEmptyUserTest@59f99ea]" name="tearDown" is-config="true" duration-ms="71" started-at="2020-07-28T07:08:03 PDT" finished-at="2020-07-28T07:08:03 PDT">
          <reporter-output>
          </reporter-output>
        </test-method> <!-- tearDown -->
      </class> <!-- tests.AddEmptyUserTest -->
      <class name="tests.AddTwiceUserTest">
        <test-method status="PASS" signature="setUp(java.lang.String)[pri:0, instance:tests.AddTwiceUserTest@6f7fd0e6]" name="setUp" is-config="true" duration-ms="320" started-at="2020-07-28T07:08:05 PDT" finished-at="2020-07-28T07:08:05 PDT">
          <params>
            <param index="0">
              <value>
                <![CDATA[3000]]>
              </value>
            </param>
          </params>
          <reporter-output>
          </reporter-output>
        </test-method> <!-- setUp -->
        <test-method status="PASS" signature="testClarolineAddTwiceUser()[pri:0, instance:tests.AddTwiceUserTest@6f7fd0e6]" name="testClarolineAddTwiceUser" duration-ms="1443" started-at="2020-07-28T07:08:05 PDT" finished-at="2020-07-28T07:08:07 PDT">
          <reporter-output>
          </reporter-output>
        </test-method> <!-- testClarolineAddTwiceUser -->
        <test-method status="PASS" signature="tearDown()[pri:0, instance:tests.AddTwiceUserTest@6f7fd0e6]" name="tearDown" is-config="true" duration-ms="70" started-at="2020-07-28T07:08:07 PDT" finished-at="2020-07-28T07:08:07 PDT">
          <reporter-output>
          </reporter-output>
        </test-method> <!-- tearDown -->
      </class> <!-- tests.AddTwiceUserTest -->
      <class name="tests.RemoveCourseExerciseQuestionsTest">
        <test-method status="PASS" signature="setUp(java.lang.String)[pri:0, instance:tests.RemoveCourseExerciseQuestionsTest@91161c7]" name="setUp" is-config="true" duration-ms="318" started-at="2020-07-28T07:08:23 PDT" finished-at="2020-07-28T07:08:23 PDT">
          <params>
            <param index="0">
              <value>
                <![CDATA[3000]]>
              </value>
            </param>
          </params>
          <reporter-output>
          </reporter-output>
        </test-method> <!-- setUp -->
        <test-method status="PASS" signature="testClarolineRemoveCourseExerciseQuestions()[pri:0, instance:tests.RemoveCourseExerciseQuestionsTest@91161c7]" name="testClarolineRemoveCourseExerciseQuestions" duration-ms="1322" started-at="2020-07-28T07:08:23 PDT" finished-at="2020-07-28T07:08:25 PDT">
          <reporter-output>
          </reporter-output>
        </test-method> <!-- testClarolineRemoveCourseExerciseQuestions -->
        <test-method status="PASS" signature="tearDown()[pri:0, instance:tests.RemoveCourseExerciseQuestionsTest@91161c7]" name="tearDown" is-config="true" duration-ms="65" started-at="2020-07-28T07:08:25 PDT" finished-at="2020-07-28T07:08:25 PDT">
          <reporter-output>
          </reporter-output>
        </test-method> <!-- tearDown -->
      </class> <!-- tests.RemoveCourseExerciseQuestionsTest -->
      <class name="tests.EnrolUserTest">
        <test-method status="PASS" signature="setUp(java.lang.String)[pri:0, instance:tests.EnrolUserTest@14acaea5]" name="setUp" is-config="true" duration-ms="331" started-at="2020-07-28T07:07:24 PDT" finished-at="2020-07-28T07:07:24 PDT">
          <params>
            <param index="0">
              <value>
                <![CDATA[3000]]>
              </value>
            </param>
          </params>
          <reporter-output>
          </reporter-output>
        </test-method> <!-- setUp -->
        <test-method status="PASS" signature="testClarolineEnrolUser()[pri:0, instance:tests.EnrolUserTest@14acaea5]" name="testClarolineEnrolUser" duration-ms="1034" started-at="2020-07-28T07:07:24 PDT" finished-at="2020-07-28T07:07:25 PDT">
          <reporter-output>
          </reporter-output>
        </test-method> <!-- testClarolineEnrolUser -->
        <test-method status="PASS" signature="tearDown()[pri:0, instance:tests.EnrolUserTest@14acaea5]" name="tearDown" is-config="true" duration-ms="72" started-at="2020-07-28T07:07:25 PDT" finished-at="2020-07-28T07:07:25 PDT">
          <reporter-output>
          </reporter-output>
        </test-method> <!-- tearDown -->
      </class> <!-- tests.EnrolUserTest -->
      <class name="tests.AddEmptyCourseTest">
        <test-method status="PASS" signature="setUp(java.lang.String)[pri:0, instance:tests.AddEmptyCourseTest@3e6fa38a]" name="setUp" is-config="true" duration-ms="311" started-at="2020-07-28T07:08:09 PDT" finished-at="2020-07-28T07:08:09 PDT">
          <params>
            <param index="0">
              <value>
                <![CDATA[3000]]>
              </value>
            </param>
          </params>
          <reporter-output>
          </reporter-output>
        </test-method> <!-- setUp -->
        <test-method status="PASS" signature="testClarolineAddEmptyCourse()[pri:0, instance:tests.AddEmptyCourseTest@3e6fa38a]" name="testClarolineAddEmptyCourse" duration-ms="925" started-at="2020-07-28T07:08:09 PDT" finished-at="2020-07-28T07:08:10 PDT">
          <reporter-output>
          </reporter-output>
        </test-method> <!-- testClarolineAddEmptyCourse -->
        <test-method status="PASS" signature="tearDown()[pri:0, instance:tests.AddEmptyCourseTest@3e6fa38a]" name="tearDown" is-config="true" duration-ms="78" started-at="2020-07-28T07:08:10 PDT" finished-at="2020-07-28T07:08:10 PDT">
          <reporter-output>
          </reporter-output>
        </test-method> <!-- tearDown -->
      </class> <!-- tests.AddEmptyCourseTest -->
      <class name="tests.AddWrongEmailUserTest">
        <test-method status="PASS" signature="setUp(java.lang.String)[pri:0, instance:tests.AddWrongEmailUserTest@27efef64]" name="setUp" is-config="true" duration-ms="326" started-at="2020-07-28T07:08:03 PDT" finished-at="2020-07-28T07:08:03 PDT">
          <params>
            <param index="0">
              <value>
                <![CDATA[3000]]>
              </value>
            </param>
          </params>
          <reporter-output>
          </reporter-output>
        </test-method> <!-- setUp -->
        <test-method status="PASS" signature="testClarolineAddWrongEmailUser()[pri:0, instance:tests.AddWrongEmailUserTest@27efef64]" name="testClarolineAddWrongEmailUser" duration-ms="1418" started-at="2020-07-28T07:08:03 PDT" finished-at="2020-07-28T07:08:05 PDT">
          <reporter-output>
          </reporter-output>
        </test-method> <!-- testClarolineAddWrongEmailUser -->
        <test-method status="PASS" signature="tearDown()[pri:0, instance:tests.AddWrongEmailUserTest@27efef64]" name="tearDown" is-config="true" duration-ms="80" started-at="2020-07-28T07:08:05 PDT" finished-at="2020-07-28T07:08:05 PDT">
          <reporter-output>
          </reporter-output>
        </test-method> <!-- tearDown -->
      </class> <!-- tests.AddWrongEmailUserTest -->
      <class name="tests.AddCourseTest">
        <test-method status="PASS" signature="setUp(java.lang.String)[pri:0, instance:tests.AddCourseTest@4c70fda8]" name="setUp" is-config="true" duration-ms="328" started-at="2020-07-28T07:07:20 PDT" finished-at="2020-07-28T07:07:21 PDT">
          <params>
            <param index="0">
              <value>
                <![CDATA[3000]]>
              </value>
            </param>
          </params>
          <reporter-output>
          </reporter-output>
        </test-method> <!-- setUp -->
        <test-method status="PASS" signature="testClarolineAddCourse()[pri:0, instance:tests.AddCourseTest@4c70fda8]" name="testClarolineAddCourse" duration-ms="1662" started-at="2020-07-28T07:07:21 PDT" finished-at="2020-07-28T07:07:22 PDT">
          <reporter-output>
          </reporter-output>
        </test-method> <!-- testClarolineAddCourse -->
        <test-method status="PASS" signature="tearDown()[pri:0, instance:tests.AddCourseTest@4c70fda8]" name="tearDown" is-config="true" duration-ms="70" started-at="2020-07-28T07:07:22 PDT" finished-at="2020-07-28T07:07:23 PDT">
          <reporter-output>
          </reporter-output>
        </test-method> <!-- tearDown -->
      </class> <!-- tests.AddCourseTest -->
      <class name="tests.EnrolMultipleUsersTest">
        <test-method status="PASS" signature="setUp(java.lang.String)[pri:0, instance:tests.EnrolMultipleUsersTest@26653222]" name="setUp" is-config="true" duration-ms="332" started-at="2020-07-28T07:07:49 PDT" finished-at="2020-07-28T07:07:50 PDT">
          <params>
            <param index="0">
              <value>
                <![CDATA[3000]]>
              </value>
            </param>
          </params>
          <reporter-output>
          </reporter-output>
        </test-method> <!-- setUp -->
        <test-method status="PASS" signature="testClarolineEnrolMultipleUsers()[pri:0, instance:tests.EnrolMultipleUsersTest@26653222]" name="testClarolineEnrolMultipleUsers" duration-ms="3587" started-at="2020-07-28T07:07:50 PDT" finished-at="2020-07-28T07:07:53 PDT">
          <reporter-output>
          </reporter-output>
        </test-method> <!-- testClarolineEnrolMultipleUsers -->
        <test-method status="PASS" signature="tearDown()[pri:0, instance:tests.EnrolMultipleUsersTest@26653222]" name="tearDown" is-config="true" duration-ms="65" started-at="2020-07-28T07:07:53 PDT" finished-at="2020-07-28T07:07:53 PDT">
          <reporter-output>
          </reporter-output>
        </test-method> <!-- tearDown -->
      </class> <!-- tests.EnrolMultipleUsersTest -->
      <class name="tests.RemoveEnrolUserTest">
        <test-method status="PASS" signature="setUp(java.lang.String)[pri:0, instance:tests.RemoveEnrolUserTest@685cb137]" name="setUp" is-config="true" duration-ms="324" started-at="2020-07-28T07:08:28 PDT" finished-at="2020-07-28T07:08:28 PDT">
          <params>
            <param index="0">
              <value>
                <![CDATA[3000]]>
              </value>
            </param>
          </params>
          <reporter-output>
          </reporter-output>
        </test-method> <!-- setUp -->
        <test-method status="PASS" signature="testClarolineRemoveEnrolUser()[pri:0, instance:tests.RemoveEnrolUserTest@685cb137]" name="testClarolineRemoveEnrolUser" duration-ms="752" started-at="2020-07-28T07:08:28 PDT" finished-at="2020-07-28T07:08:29 PDT">
          <reporter-output>
          </reporter-output>
        </test-method> <!-- testClarolineRemoveEnrolUser -->
        <test-method status="PASS" signature="tearDown()[pri:0, instance:tests.RemoveEnrolUserTest@685cb137]" name="tearDown" is-config="true" duration-ms="72" started-at="2020-07-28T07:08:29 PDT" finished-at="2020-07-28T07:08:29 PDT">
          <reporter-output>
          </reporter-output>
        </test-method> <!-- tearDown -->
      </class> <!-- tests.RemoveEnrolUserTest -->
      <class name="tests.SearchUserTest">
        <test-method status="PASS" signature="setUp(java.lang.String)[pri:0, instance:tests.SearchUserTest@1d057a39]" name="setUp" is-config="true" duration-ms="335" started-at="2020-07-28T07:07:18 PDT" finished-at="2020-07-28T07:07:19 PDT">
          <params>
            <param index="0">
              <value>
                <![CDATA[3000]]>
              </value>
            </param>
          </params>
          <reporter-output>
          </reporter-output>
        </test-method> <!-- setUp -->
        <test-method status="PASS" signature="testClarolineSearchUser()[pri:0, instance:tests.SearchUserTest@1d057a39]" name="testClarolineSearchUser" duration-ms="944" started-at="2020-07-28T07:07:19 PDT" finished-at="2020-07-28T07:07:19 PDT">
          <reporter-output>
          </reporter-output>
        </test-method> <!-- testClarolineSearchUser -->
        <test-method status="PASS" signature="tearDown()[pri:0, instance:tests.SearchUserTest@1d057a39]" name="tearDown" is-config="true" duration-ms="69" started-at="2020-07-28T07:07:19 PDT" finished-at="2020-07-28T07:07:20 PDT">
          <reporter-output>
          </reporter-output>
        </test-method> <!-- tearDown -->
      </class> <!-- tests.SearchUserTest -->
    </test> <!-- Test -->
  </suite> <!-- Suite -->
</testng-results>
