<?xml version="1.0" encoding="UTF-8"?>
<testng-results skipped="0" failed="0" ignored="0" total="23" passed="23">
  <reporter-output>
  </reporter-output>
  <suite name="Suite" duration-ms="51843" started-at="2020-07-28T09:53:20 PDT" finished-at="2020-07-28T09:54:12 PDT">
    <groups>
    </groups>
    <test name="Test" duration-ms="51843" started-at="2020-07-28T09:53:20 PDT" finished-at="2020-07-28T09:54:12 PDT">
      <class name="tests.PasswordManagerRemoveTagsTest">
        <test-method status="PASS" signature="setUp(java.lang.String)[pri:0, instance:tests.PasswordManagerRemoveTagsTest@3e57cd70]" name="setUp" is-config="true" duration-ms="300" started-at="2020-07-28T09:53:39 PDT" finished-at="2020-07-28T09:53:39 PDT">
          <params>
            <param index="0">
              <value>
                <![CDATA[3000]]>
              </value>
            </param>
          </params>
          <reporter-output>
          </reporter-output>
        </test-method> <!-- setUp -->
        <test-method status="PASS" signature="testPasswordManagerRemoveTags()[pri:0, instance:tests.PasswordManagerRemoveTagsTest@3e57cd70]" name="testPasswordManagerRemoveTags" duration-ms="1275" started-at="2020-07-28T09:53:39 PDT" finished-at="2020-07-28T09:53:41 PDT">
          <reporter-output>
          </reporter-output>
        </test-method> <!-- testPasswordManagerRemoveTags -->
        <test-method status="PASS" signature="tearDown()[pri:0, instance:tests.PasswordManagerRemoveTagsTest@3e57cd70]" name="tearDown" is-config="true" duration-ms="77" started-at="2020-07-28T09:53:41 PDT" finished-at="2020-07-28T09:53:41 PDT">
          <reporter-output>
          </reporter-output>
        </test-method> <!-- tearDown -->
      </class> <!-- tests.PasswordManagerRemoveTagsTest -->
      <class name="tests.PasswordManagerAddEntryTest">
        <test-method status="PASS" signature="setUp(java.lang.String)[pri:0, instance:tests.PasswordManagerAddEntryTest@3d921e20]" name="setUp" is-config="true" duration-ms="1448" started-at="2020-07-28T09:53:20 PDT" finished-at="2020-07-28T09:53:22 PDT">
          <params>
            <param index="0">
              <value>
                <![CDATA[3000]]>
              </value>
            </param>
          </params>
          <reporter-output>
          </reporter-output>
        </test-method> <!-- setUp -->
        <test-method status="PASS" signature="testPasswordManagerAddEntry()[pri:0, instance:tests.PasswordManagerAddEntryTest@3d921e20]" name="testPasswordManagerAddEntry" duration-ms="1990" started-at="2020-07-28T09:53:22 PDT" finished-at="2020-07-28T09:53:24 PDT">
          <reporter-output>
          </reporter-output>
        </test-method> <!-- testPasswordManagerAddEntry -->
        <test-method status="PASS" signature="tearDown()[pri:0, instance:tests.PasswordManagerAddEntryTest@3d921e20]" name="tearDown" is-config="true" duration-ms="81" started-at="2020-07-28T09:53:24 PDT" finished-at="2020-07-28T09:53:24 PDT">
          <reporter-output>
          </reporter-output>
        </test-method> <!-- tearDown -->
      </class> <!-- tests.PasswordManagerAddEntryTest -->
      <class name="tests.PasswordManagerEditEntryTest">
        <test-method status="PASS" signature="setUp(java.lang.String)[pri:0, instance:tests.PasswordManagerEditEntryTest@32d2fa64]" name="setUp" is-config="true" duration-ms="284" started-at="2020-07-28T09:53:35 PDT" finished-at="2020-07-28T09:53:35 PDT">
          <params>
            <param index="0">
              <value>
                <![CDATA[3000]]>
              </value>
            </param>
          </params>
          <reporter-output>
          </reporter-output>
        </test-method> <!-- setUp -->
        <test-method status="PASS" signature="testPasswordManagerEditEntry()[pri:0, instance:tests.PasswordManagerEditEntryTest@32d2fa64]" name="testPasswordManagerEditEntry" duration-ms="1754" started-at="2020-07-28T09:53:35 PDT" finished-at="2020-07-28T09:53:37 PDT">
          <reporter-output>
          </reporter-output>
        </test-method> <!-- testPasswordManagerEditEntry -->
        <test-method status="PASS" signature="tearDown()[pri:0, instance:tests.PasswordManagerEditEntryTest@32d2fa64]" name="tearDown" is-config="true" duration-ms="68" started-at="2020-07-28T09:53:37 PDT" finished-at="2020-07-28T09:53:37 PDT">
          <reporter-output>
          </reporter-output>
        </test-method> <!-- tearDown -->
      </class> <!-- tests.PasswordManagerEditEntryTest -->
      <class name="tests.PasswordManagerAssignTagToEntryTest">
        <test-method status="PASS" signature="setUp(java.lang.String)[pri:0, instance:tests.PasswordManagerAssignTagToEntryTest@38bc8ab5]" name="setUp" is-config="true" duration-ms="295" started-at="2020-07-28T09:53:53 PDT" finished-at="2020-07-28T09:53:54 PDT">
          <params>
            <param index="0">
              <value>
                <![CDATA[3000]]>
              </value>
            </param>
          </params>
          <reporter-output>
          </reporter-output>
        </test-method> <!-- setUp -->
        <test-method status="PASS" signature="testPasswordManagerAssignTagToEntry()[pri:0, instance:tests.PasswordManagerAssignTagToEntryTest@38bc8ab5]" name="testPasswordManagerAssignTagToEntry" duration-ms="3330" started-at="2020-07-28T09:53:54 PDT" finished-at="2020-07-28T09:53:57 PDT">
          <reporter-output>
          </reporter-output>
        </test-method> <!-- testPasswordManagerAssignTagToEntry -->
        <test-method status="PASS" signature="tearDown()[pri:0, instance:tests.PasswordManagerAssignTagToEntryTest@38bc8ab5]" name="tearDown" is-config="true" duration-ms="71" started-at="2020-07-28T09:53:57 PDT" finished-at="2020-07-28T09:53:57 PDT">
          <reporter-output>
          </reporter-output>
        </test-method> <!-- tearDown -->
      </class> <!-- tests.PasswordManagerAssignTagToEntryTest -->
      <class name="tests.PasswordManagerSearchEntryByUrlTest">
        <test-method status="PASS" signature="setUp(java.lang.String)[pri:0, instance:tests.PasswordManagerSearchEntryByUrlTest@1a1d6a08]" name="setUp" is-config="true" duration-ms="300" started-at="2020-07-28T09:53:27 PDT" finished-at="2020-07-28T09:53:28 PDT">
          <params>
            <param index="0">
              <value>
                <![CDATA[3000]]>
              </value>
            </param>
          </params>
          <reporter-output>
          </reporter-output>
        </test-method> <!-- setUp -->
        <test-method status="PASS" signature="testPasswordManagerSearchEntryByUrl()[pri:0, instance:tests.PasswordManagerSearchEntryByUrlTest@1a1d6a08]" name="testPasswordManagerSearchEntryByUrl" duration-ms="1276" started-at="2020-07-28T09:53:28 PDT" finished-at="2020-07-28T09:53:29 PDT">
          <reporter-output>
          </reporter-output>
        </test-method> <!-- testPasswordManagerSearchEntryByUrl -->
        <test-method status="PASS" signature="tearDown()[pri:0, instance:tests.PasswordManagerSearchEntryByUrlTest@1a1d6a08]" name="tearDown" is-config="true" duration-ms="72" started-at="2020-07-28T09:53:29 PDT" finished-at="2020-07-28T09:53:29 PDT">
          <reporter-output>
          </reporter-output>
        </test-method> <!-- tearDown -->
      </class> <!-- tests.PasswordManagerSearchEntryByUrlTest -->
      <class name="tests.PasswordManagerRemoveEntryTest">
        <test-method status="PASS" signature="setUp(java.lang.String)[pri:0, instance:tests.PasswordManagerRemoveEntryTest@2c039ac6]" name="setUp" is-config="true" duration-ms="309" started-at="2020-07-28T09:53:42 PDT" finished-at="2020-07-28T09:53:42 PDT">
          <params>
            <param index="0">
              <value>
                <![CDATA[3000]]>
              </value>
            </param>
          </params>
          <reporter-output>
          </reporter-output>
        </test-method> <!-- setUp -->
        <test-method status="PASS" signature="testPasswordManagerRemoveEntry()[pri:0, instance:tests.PasswordManagerRemoveEntryTest@2c039ac6]" name="testPasswordManagerRemoveEntry" duration-ms="880" started-at="2020-07-28T09:53:42 PDT" finished-at="2020-07-28T09:53:43 PDT">
          <reporter-output>
          </reporter-output>
        </test-method> <!-- testPasswordManagerRemoveEntry -->
        <test-method status="PASS" signature="tearDown()[pri:0, instance:tests.PasswordManagerRemoveEntryTest@2c039ac6]" name="tearDown" is-config="true" duration-ms="71" started-at="2020-07-28T09:53:43 PDT" finished-at="2020-07-28T09:53:43 PDT">
          <reporter-output>
          </reporter-output>
        </test-method> <!-- tearDown -->
      </class> <!-- tests.PasswordManagerRemoveEntryTest -->
      <class name="tests.PasswordManagerSearchEntryNegativeTest">
        <test-method status="PASS" signature="setUp(java.lang.String)[pri:0, instance:tests.PasswordManagerSearchEntryNegativeTest@587d1d39]" name="setUp" is-config="true" duration-ms="292" started-at="2020-07-28T09:53:43 PDT" finished-at="2020-07-28T09:53:43 PDT">
          <params>
            <param index="0">
              <value>
                <![CDATA[3000]]>
              </value>
            </param>
          </params>
          <reporter-output>
          </reporter-output>
        </test-method> <!-- setUp -->
        <test-method status="PASS" signature="testPasswordManagerSearchEntryNegative()[pri:0, instance:tests.PasswordManagerSearchEntryNegativeTest@587d1d39]" name="testPasswordManagerSearchEntryNegative" duration-ms="4315" started-at="2020-07-28T09:53:43 PDT" finished-at="2020-07-28T09:53:48 PDT">
          <reporter-output>
          </reporter-output>
        </test-method> <!-- testPasswordManagerSearchEntryNegative -->
        <test-method status="PASS" signature="tearDown()[pri:0, instance:tests.PasswordManagerSearchEntryNegativeTest@587d1d39]" name="tearDown" is-config="true" duration-ms="74" started-at="2020-07-28T09:53:48 PDT" finished-at="2020-07-28T09:53:48 PDT">
          <reporter-output>
          </reporter-output>
        </test-method> <!-- tearDown -->
      </class> <!-- tests.PasswordManagerSearchEntryNegativeTest -->
      <class name="tests.PasswordManagerSearchEntryByCommentTest">
        <test-method status="PASS" signature="setUp(java.lang.String)[pri:0, instance:tests.PasswordManagerSearchEntryByCommentTest@27808f31]" name="setUp" is-config="true" duration-ms="312" started-at="2020-07-28T09:53:32 PDT" finished-at="2020-07-28T09:53:32 PDT">
          <params>
            <param index="0">
              <value>
                <![CDATA[3000]]>
              </value>
            </param>
          </params>
          <reporter-output>
          </reporter-output>
        </test-method> <!-- setUp -->
        <test-method status="PASS" signature="testPasswordManagerSearchEntryByComment()[pri:0, instance:tests.PasswordManagerSearchEntryByCommentTest@27808f31]" name="testPasswordManagerSearchEntryByComment" duration-ms="1246" started-at="2020-07-28T09:53:32 PDT" finished-at="2020-07-28T09:53:34 PDT">
          <reporter-output>
          </reporter-output>
        </test-method> <!-- testPasswordManagerSearchEntryByComment -->
        <test-method status="PASS" signature="tearDown()[pri:0, instance:tests.PasswordManagerSearchEntryByCommentTest@27808f31]" name="tearDown" is-config="true" duration-ms="79" started-at="2020-07-28T09:53:34 PDT" finished-at="2020-07-28T09:53:34 PDT">
          <reporter-output>
          </reporter-output>
        </test-method> <!-- tearDown -->
      </class> <!-- tests.PasswordManagerSearchEntryByCommentTest -->
      <class name="tests.PasswordManagerRemoveMultipleEntriesTest">
        <test-method status="PASS" signature="setUp(java.lang.String)[pri:0, instance:tests.PasswordManagerRemoveMultipleEntriesTest@4abdb505]" name="setUp" is-config="true" duration-ms="308" started-at="2020-07-28T09:54:11 PDT" finished-at="2020-07-28T09:54:11 PDT">
          <params>
            <param index="0">
              <value>
                <![CDATA[3000]]>
              </value>
            </param>
          </params>
          <reporter-output>
          </reporter-output>
        </test-method> <!-- setUp -->
        <test-method status="PASS" signature="testPasswordManagerRemoveMultipleEntries()[pri:0, instance:tests.PasswordManagerRemoveMultipleEntriesTest@4abdb505]" name="testPasswordManagerRemoveMultipleEntries" duration-ms="1061" started-at="2020-07-28T09:54:11 PDT" finished-at="2020-07-28T09:54:12 PDT">
          <reporter-output>
          </reporter-output>
        </test-method> <!-- testPasswordManagerRemoveMultipleEntries -->
        <test-method status="PASS" signature="tearDown()[pri:0, instance:tests.PasswordManagerRemoveMultipleEntriesTest@4abdb505]" name="tearDown" is-config="true" duration-ms="68" started-at="2020-07-28T09:54:12 PDT" finished-at="2020-07-28T09:54:12 PDT">
          <reporter-output>
          </reporter-output>
        </test-method> <!-- tearDown -->
      </class> <!-- tests.PasswordManagerRemoveMultipleEntriesTest -->
      <class name="tests.PasswordManagerSearchEntryByTagsTest">
        <test-method status="PASS" signature="setUp(java.lang.String)[pri:0, instance:tests.PasswordManagerSearchEntryByTagsTest@37d31475]" name="setUp" is-config="true" duration-ms="301" started-at="2020-07-28T09:53:29 PDT" finished-at="2020-07-28T09:53:29 PDT">
          <params>
            <param index="0">
              <value>
                <![CDATA[3000]]>
              </value>
            </param>
          </params>
          <reporter-output>
          </reporter-output>
        </test-method> <!-- setUp -->
        <test-method status="PASS" signature="testPasswordManagerSearchEntryByTags()[pri:0, instance:tests.PasswordManagerSearchEntryByTagsTest@37d31475]" name="testPasswordManagerSearchEntryByTags" duration-ms="2564" started-at="2020-07-28T09:53:29 PDT" finished-at="2020-07-28T09:53:32 PDT">
          <reporter-output>
          </reporter-output>
        </test-method> <!-- testPasswordManagerSearchEntryByTags -->
        <test-method status="PASS" signature="tearDown()[pri:0, instance:tests.PasswordManagerSearchEntryByTagsTest@37d31475]" name="tearDown" is-config="true" duration-ms="67" started-at="2020-07-28T09:53:32 PDT" finished-at="2020-07-28T09:53:32 PDT">
          <reporter-output>
          </reporter-output>
        </test-method> <!-- tearDown -->
      </class> <!-- tests.PasswordManagerSearchEntryByTagsTest -->
      <class name="tests.PasswordManagerAddMultipleEntriesTest">
        <test-method status="PASS" signature="setUp(java.lang.String)[pri:0, instance:tests.PasswordManagerAddMultipleEntriesTest@687080dc]" name="setUp" is-config="true" duration-ms="289" started-at="2020-07-28T09:53:57 PDT" finished-at="2020-07-28T09:53:57 PDT">
          <params>
            <param index="0">
              <value>
                <![CDATA[3000]]>
              </value>
            </param>
          </params>
          <reporter-output>
          </reporter-output>
        </test-method> <!-- setUp -->
        <test-method status="PASS" signature="testPasswordManagerAddMultipleEntries()[pri:0, instance:tests.PasswordManagerAddMultipleEntriesTest@687080dc]" name="testPasswordManagerAddMultipleEntries" duration-ms="2423" started-at="2020-07-28T09:53:57 PDT" finished-at="2020-07-28T09:54:00 PDT">
          <reporter-output>
          </reporter-output>
        </test-method> <!-- testPasswordManagerAddMultipleEntries -->
        <test-method status="PASS" signature="tearDown()[pri:0, instance:tests.PasswordManagerAddMultipleEntriesTest@687080dc]" name="tearDown" is-config="true" duration-ms="73" started-at="2020-07-28T09:54:00 PDT" finished-at="2020-07-28T09:54:00 PDT">
          <reporter-output>
          </reporter-output>
        </test-method> <!-- tearDown -->
      </class> <!-- tests.PasswordManagerAddMultipleEntriesTest -->
      <class name="tests.PasswordManagerEditTagTest">
        <test-method status="PASS" signature="setUp(java.lang.String)[pri:0, instance:tests.PasswordManagerEditTagTest@5bb21b69]" name="setUp" is-config="true" duration-ms="288" started-at="2020-07-28T09:53:51 PDT" finished-at="2020-07-28T09:53:51 PDT">
          <params>
            <param index="0">
              <value>
                <![CDATA[3000]]>
              </value>
            </param>
          </params>
          <reporter-output>
          </reporter-output>
        </test-method> <!-- setUp -->
        <test-method status="PASS" signature="testPasswordManagerEditTag()[pri:0, instance:tests.PasswordManagerEditTagTest@5bb21b69]" name="testPasswordManagerEditTag" duration-ms="1008" started-at="2020-07-28T09:53:51 PDT" finished-at="2020-07-28T09:53:52 PDT">
          <reporter-output>
          </reporter-output>
        </test-method> <!-- testPasswordManagerEditTag -->
        <test-method status="PASS" signature="tearDown()[pri:0, instance:tests.PasswordManagerEditTagTest@5bb21b69]" name="tearDown" is-config="true" duration-ms="75" started-at="2020-07-28T09:53:52 PDT" finished-at="2020-07-28T09:53:52 PDT">
          <reporter-output>
          </reporter-output>
        </test-method> <!-- tearDown -->
      </class> <!-- tests.PasswordManagerEditTagTest -->
      <class name="tests.PasswordManagerSearchAndRemoveMultipleTagsTest">
        <test-method status="PASS" signature="setUp(java.lang.String)[pri:0, instance:tests.PasswordManagerSearchAndRemoveMultipleTagsTest@26a7b76d]" name="setUp" is-config="true" duration-ms="275" started-at="2020-07-28T09:54:08 PDT" finished-at="2020-07-28T09:54:09 PDT">
          <params>
            <param index="0">
              <value>
                <![CDATA[3000]]>
              </value>
            </param>
          </params>
          <reporter-output>
          </reporter-output>
        </test-method> <!-- setUp -->
        <test-method status="PASS" signature="testPasswordManagerSearchAndRemoveMultipleTags()[pri:0, instance:tests.PasswordManagerSearchAndRemoveMultipleTagsTest@26a7b76d]" name="testPasswordManagerSearchAndRemoveMultipleTags" duration-ms="2127" started-at="2020-07-28T09:54:09 PDT" finished-at="2020-07-28T09:54:11 PDT">
          <reporter-output>
          </reporter-output>
        </test-method> <!-- testPasswordManagerSearchAndRemoveMultipleTags -->
        <test-method status="PASS" signature="tearDown()[pri:0, instance:tests.PasswordManagerSearchAndRemoveMultipleTagsTest@26a7b76d]" name="tearDown" is-config="true" duration-ms="77" started-at="2020-07-28T09:54:11 PDT" finished-at="2020-07-28T09:54:11 PDT">
          <reporter-output>
          </reporter-output>
        </test-method> <!-- tearDown -->
      </class> <!-- tests.PasswordManagerSearchAndRemoveMultipleTagsTest -->
      <class name="tests.PasswordManagerSearchMultipleEntriesTest">
        <test-method status="PASS" signature="setUp(java.lang.String)[pri:0, instance:tests.PasswordManagerSearchMultipleEntriesTest@23d2a7e8]" name="setUp" is-config="true" duration-ms="287" started-at="2020-07-28T09:54:00 PDT" finished-at="2020-07-28T09:54:00 PDT">
          <params>
            <param index="0">
              <value>
                <![CDATA[3000]]>
              </value>
            </param>
          </params>
          <reporter-output>
          </reporter-output>
        </test-method> <!-- setUp -->
        <test-method status="PASS" signature="testPasswordManagerSearchMultipleEntries()[pri:0, instance:tests.PasswordManagerSearchMultipleEntriesTest@23d2a7e8]" name="testPasswordManagerSearchMultipleEntries" duration-ms="4221" started-at="2020-07-28T09:54:00 PDT" finished-at="2020-07-28T09:54:04 PDT">
          <reporter-output>
          </reporter-output>
        </test-method> <!-- testPasswordManagerSearchMultipleEntries -->
        <test-method status="PASS" signature="tearDown()[pri:0, instance:tests.PasswordManagerSearchMultipleEntriesTest@23d2a7e8]" name="tearDown" is-config="true" duration-ms="70" started-at="2020-07-28T09:54:04 PDT" finished-at="2020-07-28T09:54:04 PDT">
          <reporter-output>
          </reporter-output>
        </test-method> <!-- tearDown -->
      </class> <!-- tests.PasswordManagerSearchMultipleEntriesTest -->
      <class name="tests.PasswordManagerAddTagTest">
        <test-method status="PASS" signature="setUp(java.lang.String)[pri:0, instance:tests.PasswordManagerAddTagTest@6b57696f]" name="setUp" is-config="true" duration-ms="301" started-at="2020-07-28T09:53:49 PDT" finished-at="2020-07-28T09:53:50 PDT">
          <params>
            <param index="0">
              <value>
                <![CDATA[3000]]>
              </value>
            </param>
          </params>
          <reporter-output>
          </reporter-output>
        </test-method> <!-- setUp -->
        <test-method status="PASS" signature="testPasswordManagerAddTag()[pri:0, instance:tests.PasswordManagerAddTagTest@6b57696f]" name="testPasswordManagerAddTag" duration-ms="954" started-at="2020-07-28T09:53:50 PDT" finished-at="2020-07-28T09:53:50 PDT">
          <reporter-output>
          </reporter-output>
        </test-method> <!-- testPasswordManagerAddTag -->
        <test-method status="PASS" signature="tearDown()[pri:0, instance:tests.PasswordManagerAddTagTest@6b57696f]" name="tearDown" is-config="true" duration-ms="71" started-at="2020-07-28T09:53:50 PDT" finished-at="2020-07-28T09:53:51 PDT">
          <reporter-output>
          </reporter-output>
        </test-method> <!-- tearDown -->
      </class> <!-- tests.PasswordManagerAddTagTest -->
      <class name="tests.PasswordManagerRemoveTagTest">
        <test-method status="PASS" signature="setUp(java.lang.String)[pri:0, instance:tests.PasswordManagerRemoveTagTest@6b9651f3]" name="setUp" is-config="true" duration-ms="288" started-at="2020-07-28T09:53:52 PDT" finished-at="2020-07-28T09:53:52 PDT">
          <params>
            <param index="0">
              <value>
                <![CDATA[3000]]>
              </value>
            </param>
          </params>
          <reporter-output>
          </reporter-output>
        </test-method> <!-- setUp -->
        <test-method status="PASS" signature="testPasswordManagerRemoveTag()[pri:0, instance:tests.PasswordManagerRemoveTagTest@6b9651f3]" name="testPasswordManagerRemoveTag" duration-ms="951" started-at="2020-07-28T09:53:52 PDT" finished-at="2020-07-28T09:53:53 PDT">
          <reporter-output>
          </reporter-output>
        </test-method> <!-- testPasswordManagerRemoveTag -->
        <test-method status="PASS" signature="tearDown()[pri:0, instance:tests.PasswordManagerRemoveTagTest@6b9651f3]" name="tearDown" is-config="true" duration-ms="72" started-at="2020-07-28T09:53:53 PDT" finished-at="2020-07-28T09:53:53 PDT">
          <reporter-output>
          </reporter-output>
        </test-method> <!-- tearDown -->
      </class> <!-- tests.PasswordManagerRemoveTagTest -->
      <class name="tests.PasswordManagerSearchEntryByUsernameTest">
        <test-method status="PASS" signature="setUp(java.lang.String)[pri:0, instance:tests.PasswordManagerSearchEntryByUsernameTest@fad74ee]" name="setUp" is-config="true" duration-ms="336" started-at="2020-07-28T09:53:26 PDT" finished-at="2020-07-28T09:53:26 PDT">
          <params>
            <param index="0">
              <value>
                <![CDATA[3000]]>
              </value>
            </param>
          </params>
          <reporter-output>
          </reporter-output>
        </test-method> <!-- setUp -->
        <test-method status="PASS" signature="testPasswordManagerSearchEntryByUsername()[pri:0, instance:tests.PasswordManagerSearchEntryByUsernameTest@fad74ee]" name="testPasswordManagerSearchEntryByUsername" duration-ms="1310" started-at="2020-07-28T09:53:26 PDT" finished-at="2020-07-28T09:53:27 PDT">
          <reporter-output>
          </reporter-output>
        </test-method> <!-- testPasswordManagerSearchEntryByUsername -->
        <test-method status="PASS" signature="tearDown()[pri:0, instance:tests.PasswordManagerSearchEntryByUsernameTest@fad74ee]" name="tearDown" is-config="true" duration-ms="74" started-at="2020-07-28T09:53:27 PDT" finished-at="2020-07-28T09:53:27 PDT">
          <reporter-output>
          </reporter-output>
        </test-method> <!-- tearDown -->
      </class> <!-- tests.PasswordManagerSearchEntryByUsernameTest -->
      <class name="tests.PasswordManagerCheckEntryTagsRemovedTest">
        <test-method status="PASS" signature="setUp(java.lang.String)[pri:0, instance:tests.PasswordManagerCheckEntryTagsRemovedTest@9a7504c]" name="setUp" is-config="true" duration-ms="307" started-at="2020-07-28T09:53:41 PDT" finished-at="2020-07-28T09:53:41 PDT">
          <params>
            <param index="0">
              <value>
                <![CDATA[3000]]>
              </value>
            </param>
          </params>
          <reporter-output>
          </reporter-output>
        </test-method> <!-- setUp -->
        <test-method status="PASS" signature="testPasswordManagerCheckEntryTagsRemoved()[pri:0, instance:tests.PasswordManagerCheckEntryTagsRemovedTest@9a7504c]" name="testPasswordManagerCheckEntryTagsRemoved" duration-ms="806" started-at="2020-07-28T09:53:41 PDT" finished-at="2020-07-28T09:53:42 PDT">
          <reporter-output>
          </reporter-output>
        </test-method> <!-- testPasswordManagerCheckEntryTagsRemoved -->
        <test-method status="PASS" signature="tearDown()[pri:0, instance:tests.PasswordManagerCheckEntryTagsRemovedTest@9a7504c]" name="tearDown" is-config="true" duration-ms="73" started-at="2020-07-28T09:53:42 PDT" finished-at="2020-07-28T09:53:42 PDT">
          <reporter-output>
          </reporter-output>
        </test-method> <!-- tearDown -->
      </class> <!-- tests.PasswordManagerCheckEntryTagsRemovedTest -->
      <class name="tests.PasswordManagerSearchTagNegativeTest">
        <test-method status="PASS" signature="setUp(java.lang.String)[pri:0, instance:tests.PasswordManagerSearchTagNegativeTest@58c1670b]" name="setUp" is-config="true" duration-ms="299" started-at="2020-07-28T09:53:48 PDT" finished-at="2020-07-28T09:53:48 PDT">
          <params>
            <param index="0">
              <value>
                <![CDATA[3000]]>
              </value>
            </param>
          </params>
          <reporter-output>
          </reporter-output>
        </test-method> <!-- setUp -->
        <test-method status="PASS" signature="testPasswordManagerSearchTagNegative()[pri:0, instance:tests.PasswordManagerSearchTagNegativeTest@58c1670b]" name="testPasswordManagerSearchTagNegative" duration-ms="1055" started-at="2020-07-28T09:53:48 PDT" finished-at="2020-07-28T09:53:49 PDT">
          <reporter-output>
          </reporter-output>
        </test-method> <!-- testPasswordManagerSearchTagNegative -->
        <test-method status="PASS" signature="tearDown()[pri:0, instance:tests.PasswordManagerSearchTagNegativeTest@58c1670b]" name="tearDown" is-config="true" duration-ms="72" started-at="2020-07-28T09:53:49 PDT" finished-at="2020-07-28T09:53:49 PDT">
          <reporter-output>
          </reporter-output>
        </test-method> <!-- tearDown -->
      </class> <!-- tests.PasswordManagerSearchTagNegativeTest -->
      <class name="tests.PasswordManagerSearchEntryByNameTest">
        <test-method status="PASS" signature="setUp(java.lang.String)[pri:0, instance:tests.PasswordManagerSearchEntryByNameTest@36b4cef0]" name="setUp" is-config="true" duration-ms="298" started-at="2020-07-28T09:53:24 PDT" finished-at="2020-07-28T09:53:24 PDT">
          <params>
            <param index="0">
              <value>
                <![CDATA[3000]]>
              </value>
            </param>
          </params>
          <reporter-output>
          </reporter-output>
        </test-method> <!-- setUp -->
        <test-method status="PASS" signature="testPasswordManagerSearchEntryByName()[pri:0, instance:tests.PasswordManagerSearchEntryByNameTest@36b4cef0]" name="testPasswordManagerSearchEntryByName" duration-ms="1390" started-at="2020-07-28T09:53:24 PDT" finished-at="2020-07-28T09:53:26 PDT">
          <reporter-output>
          </reporter-output>
        </test-method> <!-- testPasswordManagerSearchEntryByName -->
        <test-method status="PASS" signature="tearDown()[pri:0, instance:tests.PasswordManagerSearchEntryByNameTest@36b4cef0]" name="tearDown" is-config="true" duration-ms="68" started-at="2020-07-28T09:53:26 PDT" finished-at="2020-07-28T09:53:26 PDT">
          <reporter-output>
          </reporter-output>
        </test-method> <!-- tearDown -->
      </class> <!-- tests.PasswordManagerSearchEntryByNameTest -->
      <class name="tests.PasswordManagerSearchTagsTest">
        <test-method status="PASS" signature="setUp(java.lang.String)[pri:0, instance:tests.PasswordManagerSearchTagsTest@1d8d30f7]" name="setUp" is-config="true" duration-ms="286" started-at="2020-07-28T09:53:37 PDT" finished-at="2020-07-28T09:53:38 PDT">
          <params>
            <param index="0">
              <value>
                <![CDATA[3000]]>
              </value>
            </param>
          </params>
          <reporter-output>
          </reporter-output>
        </test-method> <!-- setUp -->
        <test-method status="PASS" signature="testPasswordManagerSearchTags()[pri:0, instance:tests.PasswordManagerSearchTagsTest@1d8d30f7]" name="testPasswordManagerSearchTags" duration-ms="1320" started-at="2020-07-28T09:53:38 PDT" finished-at="2020-07-28T09:53:39 PDT">
          <reporter-output>
          </reporter-output>
        </test-method> <!-- testPasswordManagerSearchTags -->
        <test-method status="PASS" signature="tearDown()[pri:0, instance:tests.PasswordManagerSearchTagsTest@1d8d30f7]" name="tearDown" is-config="true" duration-ms="71" started-at="2020-07-28T09:53:39 PDT" finished-at="2020-07-28T09:53:39 PDT">
          <reporter-output>
          </reporter-output>
        </test-method> <!-- tearDown -->
      </class> <!-- tests.PasswordManagerSearchTagsTest -->
      <class name="tests.PasswordManagerCheckUsedTagsTest">
        <test-method status="PASS" signature="setUp(java.lang.String)[pri:0, instance:tests.PasswordManagerCheckUsedTagsTest@7a9273a8]" name="setUp" is-config="true" duration-ms="294" started-at="2020-07-28T09:54:04 PDT" finished-at="2020-07-28T09:54:05 PDT">
          <params>
            <param index="0">
              <value>
                <![CDATA[3000]]>
              </value>
            </param>
          </params>
          <reporter-output>
          </reporter-output>
        </test-method> <!-- setUp -->
        <test-method status="PASS" signature="testPasswordManagerCheckUsedTags()[pri:0, instance:tests.PasswordManagerCheckUsedTagsTest@7a9273a8]" name="testPasswordManagerCheckUsedTags" duration-ms="3683" started-at="2020-07-28T09:54:05 PDT" finished-at="2020-07-28T09:54:08 PDT">
          <reporter-output>
          </reporter-output>
        </test-method> <!-- testPasswordManagerCheckUsedTags -->
        <test-method status="PASS" signature="tearDown()[pri:0, instance:tests.PasswordManagerCheckUsedTagsTest@7a9273a8]" name="tearDown" is-config="true" duration-ms="67" started-at="2020-07-28T09:54:08 PDT" finished-at="2020-07-28T09:54:08 PDT">
          <reporter-output>
          </reporter-output>
        </test-method> <!-- tearDown -->
      </class> <!-- tests.PasswordManagerCheckUsedTagsTest -->
      <class name="tests.PasswordManagerSearchEntryByTagListTest">
        <test-method status="PASS" signature="setUp(java.lang.String)[pri:0, instance:tests.PasswordManagerSearchEntryByTagListTest@436e852b]" name="setUp" is-config="true" duration-ms="283" started-at="2020-07-28T09:53:34 PDT" finished-at="2020-07-28T09:53:34 PDT">
          <params>
            <param index="0">
              <value>
                <![CDATA[3000]]>
              </value>
            </param>
          </params>
          <reporter-output>
          </reporter-output>
        </test-method> <!-- setUp -->
        <test-method status="PASS" signature="testPasswordManagerSearchEntryByTagList()[pri:0, instance:tests.PasswordManagerSearchEntryByTagListTest@436e852b]" name="testPasswordManagerSearchEntryByTagList" duration-ms="1196" started-at="2020-07-28T09:53:34 PDT" finished-at="2020-07-28T09:53:35 PDT">
          <reporter-output>
          </reporter-output>
        </test-method> <!-- testPasswordManagerSearchEntryByTagList -->
        <test-method status="PASS" signature="tearDown()[pri:0, instance:tests.PasswordManagerSearchEntryByTagListTest@436e852b]" name="tearDown" is-config="true" duration-ms="70" started-at="2020-07-28T09:53:35 PDT" finished-at="2020-07-28T09:53:35 PDT">
          <reporter-output>
          </reporter-output>
        </test-method> <!-- tearDown -->
      </class> <!-- tests.PasswordManagerSearchEntryByTagListTest -->
    </test> <!-- Test -->
  </suite> <!-- Suite -->
</testng-results>
