<?xml version="1.0" encoding="UTF-8"?>
<testng-results skipped="0" failed="0" ignored="0" total="40" passed="40">
  <reporter-output>
  </reporter-output>
  <suite name="Suite" duration-ms="351008" started-at="2020-10-27T05:38:41 PDT" finished-at="2020-10-27T05:44:32 PDT">
    <groups>
    </groups>
    <test name="Test" duration-ms="351008" started-at="2020-10-27T05:38:41 PDT" finished-at="2020-10-27T05:44:32 PDT">
      <class name="tests.AddUserTest">
        <test-method status="PASS" signature="setUp(java.lang.String)[pri:0, instance:tests.AddUserTest@26653222]" name="setUp" is-config="true" duration-ms="3160" started-at="2020-10-27T05:39:42 PDT" finished-at="2020-10-27T05:39:45 PDT">
          <params>
            <param index="0">
              <value>
                <![CDATA[3000]]>
              </value>
            </param>
          </params>
          <reporter-output>
          </reporter-output>
        </test-method> <!-- setUp -->
        <test-method status="PASS" signature="testCollabtiveAddUser()[pri:0, instance:tests.AddUserTest@26653222]" name="testCollabtiveAddUser" duration-ms="3129" started-at="2020-10-27T05:39:45 PDT" finished-at="2020-10-27T05:39:48 PDT">
          <reporter-output>
          </reporter-output>
        </test-method> <!-- testCollabtiveAddUser -->
        <test-method status="PASS" signature="tearDown()[pri:0, instance:tests.AddUserTest@26653222]" name="tearDown" is-config="true" duration-ms="703" started-at="2020-10-27T05:39:48 PDT" finished-at="2020-10-27T05:39:49 PDT">
          <reporter-output>
          </reporter-output>
        </test-method> <!-- tearDown -->
      </class> <!-- tests.AddUserTest -->
      <class name="tests.EditMilestoneTest">
        <test-method status="PASS" signature="setUp(java.lang.String)[pri:0, instance:tests.EditMilestoneTest@27efef64]" name="setUp" is-config="true" duration-ms="3218" started-at="2020-10-27T05:40:17 PDT" finished-at="2020-10-27T05:40:20 PDT">
          <params>
            <param index="0">
              <value>
                <![CDATA[3000]]>
              </value>
            </param>
          </params>
          <reporter-output>
          </reporter-output>
        </test-method> <!-- setUp -->
        <test-method status="PASS" signature="testCollabtiveEditMilestone()[pri:0, instance:tests.EditMilestoneTest@27efef64]" name="testCollabtiveEditMilestone" duration-ms="5714" started-at="2020-10-27T05:40:20 PDT" finished-at="2020-10-27T05:40:26 PDT">
          <reporter-output>
          </reporter-output>
        </test-method> <!-- testCollabtiveEditMilestone -->
        <test-method status="PASS" signature="tearDown()[pri:0, instance:tests.EditMilestoneTest@27efef64]" name="tearDown" is-config="true" duration-ms="659" started-at="2020-10-27T05:40:26 PDT" finished-at="2020-10-27T05:40:26 PDT">
          <reporter-output>
          </reporter-output>
        </test-method> <!-- tearDown -->
      </class> <!-- tests.EditMilestoneTest -->
      <class name="tests.RemoveUserFromProjectTest">
        <test-method status="PASS" signature="setUp(java.lang.String)[pri:0, instance:tests.RemoveUserFromProjectTest@5622fdf]" name="setUp" is-config="true" duration-ms="3347" started-at="2020-10-27T05:43:32 PDT" finished-at="2020-10-27T05:43:35 PDT">
          <params>
            <param index="0">
              <value>
                <![CDATA[3000]]>
              </value>
            </param>
          </params>
          <reporter-output>
          </reporter-output>
        </test-method> <!-- setUp -->
        <test-method status="PASS" signature="testCollabtiveRemoveUserFromProject()[pri:0, instance:tests.RemoveUserFromProjectTest@5622fdf]" name="testCollabtiveRemoveUserFromProject" duration-ms="8555" started-at="2020-10-27T05:43:35 PDT" finished-at="2020-10-27T05:43:44 PDT">
          <reporter-output>
          </reporter-output>
        </test-method> <!-- testCollabtiveRemoveUserFromProject -->
        <test-method status="PASS" signature="tearDown()[pri:0, instance:tests.RemoveUserFromProjectTest@5622fdf]" name="tearDown" is-config="true" duration-ms="725" started-at="2020-10-27T05:43:44 PDT" finished-at="2020-10-27T05:43:45 PDT">
          <reporter-output>
          </reporter-output>
        </test-method> <!-- tearDown -->
      </class> <!-- tests.RemoveUserFromProjectTest -->
      <class name="tests.RemoveRoleTest">
        <test-method status="PASS" signature="setUp(java.lang.String)[pri:0, instance:tests.RemoveRoleTest@1794d431]" name="setUp" is-config="true" duration-ms="3389" started-at="2020-10-27T05:44:10 PDT" finished-at="2020-10-27T05:44:14 PDT">
          <params>
            <param index="0">
              <value>
                <![CDATA[3000]]>
              </value>
            </param>
          </params>
          <reporter-output>
          </reporter-output>
        </test-method> <!-- setUp -->
        <test-method status="PASS" signature="testCollabtiveRemoveRole()[pri:0, instance:tests.RemoveRoleTest@1794d431]" name="testCollabtiveRemoveRole" duration-ms="3321" started-at="2020-10-27T05:44:14 PDT" finished-at="2020-10-27T05:44:17 PDT">
          <reporter-output>
          </reporter-output>
        </test-method> <!-- testCollabtiveRemoveRole -->
        <test-method status="PASS" signature="tearDown()[pri:0, instance:tests.RemoveRoleTest@1794d431]" name="tearDown" is-config="true" duration-ms="709" started-at="2020-10-27T05:44:17 PDT" finished-at="2020-10-27T05:44:18 PDT">
          <reporter-output>
          </reporter-output>
        </test-method> <!-- tearDown -->
      </class> <!-- tests.RemoveRoleTest -->
      <class name="tests.AddMilestoneTest">
        <test-method status="PASS" signature="setUp(java.lang.String)[pri:0, instance:tests.AddMilestoneTest@59f99ea]" name="setUp" is-config="true" duration-ms="3216" started-at="2020-10-27T05:40:08 PDT" finished-at="2020-10-27T05:40:12 PDT">
          <params>
            <param index="0">
              <value>
                <![CDATA[3000]]>
              </value>
            </param>
          </params>
          <reporter-output>
          </reporter-output>
        </test-method> <!-- setUp -->
        <test-method status="PASS" signature="testCollabtiveAddMilestone()[pri:0, instance:tests.AddMilestoneTest@59f99ea]" name="testCollabtiveAddMilestone" duration-ms="4359" started-at="2020-10-27T05:40:12 PDT" finished-at="2020-10-27T05:40:16 PDT">
          <reporter-output>
          </reporter-output>
        </test-method> <!-- testCollabtiveAddMilestone -->
        <test-method status="PASS" signature="tearDown()[pri:0, instance:tests.AddMilestoneTest@59f99ea]" name="tearDown" is-config="true" duration-ms="691" started-at="2020-10-27T05:40:16 PDT" finished-at="2020-10-27T05:40:17 PDT">
          <reporter-output>
          </reporter-output>
        </test-method> <!-- tearDown -->
      </class> <!-- tests.AddMilestoneTest -->
      <class name="tests.SearchClosedProjectTest">
        <test-method status="PASS" signature="setUp(java.lang.String)[pri:0, instance:tests.SearchClosedProjectTest@61832929]" name="setUp" is-config="true" duration-ms="3444" started-at="2020-10-27T05:39:15 PDT" finished-at="2020-10-27T05:39:19 PDT">
          <params>
            <param index="0">
              <value>
                <![CDATA[3000]]>
              </value>
            </param>
          </params>
          <reporter-output>
          </reporter-output>
        </test-method> <!-- setUp -->
        <test-method status="PASS" signature="testCollabtiveSearchClosedProject()[pri:0, instance:tests.SearchClosedProjectTest@61832929]" name="testCollabtiveSearchClosedProject" duration-ms="1456" started-at="2020-10-27T05:39:19 PDT" finished-at="2020-10-27T05:39:20 PDT">
          <reporter-output>
          </reporter-output>
        </test-method> <!-- testCollabtiveSearchClosedProject -->
        <test-method status="PASS" signature="tearDown()[pri:0, instance:tests.SearchClosedProjectTest@61832929]" name="tearDown" is-config="true" duration-ms="606" started-at="2020-10-27T05:39:20 PDT" finished-at="2020-10-27T05:39:21 PDT">
          <reporter-output>
          </reporter-output>
        </test-method> <!-- tearDown -->
      </class> <!-- tests.SearchClosedProjectTest -->
      <class name="tests.SearchMultipleProjectsTest">
        <test-method status="PASS" signature="setUp(java.lang.String)[pri:0, instance:tests.SearchMultipleProjectsTest@6d4b1c02]" name="setUp" is-config="true" duration-ms="3163" started-at="2020-10-27T05:43:13 PDT" finished-at="2020-10-27T05:43:16 PDT">
          <params>
            <param index="0">
              <value>
                <![CDATA[3000]]>
              </value>
            </param>
          </params>
          <reporter-output>
          </reporter-output>
        </test-method> <!-- setUp -->
        <test-method status="PASS" signature="testCollabtiveSearchMultipleProjects()[pri:0, instance:tests.SearchMultipleProjectsTest@6d4b1c02]" name="testCollabtiveSearchMultipleProjects" duration-ms="2739" started-at="2020-10-27T05:43:16 PDT" finished-at="2020-10-27T05:43:19 PDT">
          <reporter-output>
          </reporter-output>
        </test-method> <!-- testCollabtiveSearchMultipleProjects -->
        <test-method status="PASS" signature="tearDown()[pri:0, instance:tests.SearchMultipleProjectsTest@6d4b1c02]" name="tearDown" is-config="true" duration-ms="705" started-at="2020-10-27T05:43:19 PDT" finished-at="2020-10-27T05:43:19 PDT">
          <reporter-output>
          </reporter-output>
        </test-method> <!-- tearDown -->
      </class> <!-- tests.SearchMultipleProjectsTest -->
      <class name="tests.AddTasksTest">
        <test-method status="PASS" signature="setUp(java.lang.String)[pri:0, instance:tests.AddTasksTest@1bce4f0a]" name="setUp" is-config="true" duration-ms="4001" started-at="2020-10-27T05:41:44 PDT" finished-at="2020-10-27T05:41:48 PDT">
          <params>
            <param index="0">
              <value>
                <![CDATA[3000]]>
              </value>
            </param>
          </params>
          <reporter-output>
          </reporter-output>
        </test-method> <!-- setUp -->
        <test-method status="PASS" signature="testCollabtiveAddTasks()[pri:0, instance:tests.AddTasksTest@1bce4f0a]" name="testCollabtiveAddTasks" duration-ms="6184" started-at="2020-10-27T05:41:48 PDT" finished-at="2020-10-27T05:41:54 PDT">
          <reporter-output>
          </reporter-output>
        </test-method> <!-- testCollabtiveAddTasks -->
        <test-method status="PASS" signature="tearDown()[pri:0, instance:tests.AddTasksTest@1bce4f0a]" name="tearDown" is-config="true" duration-ms="703" started-at="2020-10-27T05:41:54 PDT" finished-at="2020-10-27T05:41:55 PDT">
          <reporter-output>
          </reporter-output>
        </test-method> <!-- tearDown -->
      </class> <!-- tests.AddTasksTest -->
      <class name="tests.OpenTasksProjectPercentageTest">
        <test-method status="PASS" signature="setUp(java.lang.String)[pri:0, instance:tests.OpenTasksProjectPercentageTest@604ed9f0]" name="setUp" is-config="true" duration-ms="3352" started-at="2020-10-27T05:42:26 PDT" finished-at="2020-10-27T05:42:29 PDT">
          <params>
            <param index="0">
              <value>
                <![CDATA[3000]]>
              </value>
            </param>
          </params>
          <reporter-output>
          </reporter-output>
        </test-method> <!-- setUp -->
        <test-method status="PASS" signature="testCollabtiveOpenTasksProjectPercentage()[pri:0, instance:tests.OpenTasksProjectPercentageTest@604ed9f0]" name="testCollabtiveOpenTasksProjectPercentage" duration-ms="5044" started-at="2020-10-27T05:42:29 PDT" finished-at="2020-10-27T05:42:34 PDT">
          <reporter-output>
          </reporter-output>
        </test-method> <!-- testCollabtiveOpenTasksProjectPercentage -->
        <test-method status="PASS" signature="tearDown()[pri:0, instance:tests.OpenTasksProjectPercentageTest@604ed9f0]" name="tearDown" is-config="true" duration-ms="711" started-at="2020-10-27T05:42:34 PDT" finished-at="2020-10-27T05:42:35 PDT">
          <reporter-output>
          </reporter-output>
        </test-method> <!-- tearDown -->
      </class> <!-- tests.OpenTasksProjectPercentageTest -->
      <class name="tests.EditProjectTest">
        <test-method status="PASS" signature="setUp(java.lang.String)[pri:0, instance:tests.EditProjectTest@4501b7af]" name="setUp" is-config="true" duration-ms="3262" started-at="2020-10-27T05:38:53 PDT" finished-at="2020-10-27T05:38:57 PDT">
          <params>
            <param index="0">
              <value>
                <![CDATA[3000]]>
              </value>
            </param>
          </params>
          <reporter-output>
          </reporter-output>
        </test-method> <!-- setUp -->
        <test-method status="PASS" signature="testCollabtiveEditProject()[pri:0, instance:tests.EditProjectTest@4501b7af]" name="testCollabtiveEditProject" duration-ms="5102" started-at="2020-10-27T05:38:57 PDT" finished-at="2020-10-27T05:39:02 PDT">
          <reporter-output>
          </reporter-output>
        </test-method> <!-- testCollabtiveEditProject -->
        <test-method status="PASS" signature="tearDown()[pri:0, instance:tests.EditProjectTest@4501b7af]" name="tearDown" is-config="true" duration-ms="726" started-at="2020-10-27T05:39:02 PDT" finished-at="2020-10-27T05:39:02 PDT">
          <reporter-output>
          </reporter-output>
        </test-method> <!-- tearDown -->
      </class> <!-- tests.EditProjectTest -->
      <class name="tests.OpenProjectTest">
        <test-method status="PASS" signature="setUp(java.lang.String)[pri:0, instance:tests.OpenProjectTest@29774679]" name="setUp" is-config="true" duration-ms="3258" started-at="2020-10-27T05:39:21 PDT" finished-at="2020-10-27T05:39:24 PDT">
          <params>
            <param index="0">
              <value>
                <![CDATA[3000]]>
              </value>
            </param>
          </params>
          <reporter-output>
          </reporter-output>
        </test-method> <!-- setUp -->
        <test-method status="PASS" signature="testCollabtiveOpenProject()[pri:0, instance:tests.OpenProjectTest@29774679]" name="testCollabtiveOpenProject" duration-ms="2857" started-at="2020-10-27T05:39:24 PDT" finished-at="2020-10-27T05:39:27 PDT">
          <reporter-output>
          </reporter-output>
        </test-method> <!-- testCollabtiveOpenProject -->
        <test-method status="PASS" signature="tearDown()[pri:0, instance:tests.OpenProjectTest@29774679]" name="tearDown" is-config="true" duration-ms="728" started-at="2020-10-27T05:39:27 PDT" finished-at="2020-10-27T05:39:28 PDT">
          <reporter-output>
          </reporter-output>
        </test-method> <!-- tearDown -->
      </class> <!-- tests.OpenProjectTest -->
      <class name="tests.RemoveProjectTest">
        <test-method status="PASS" signature="setUp(java.lang.String)[pri:0, instance:tests.RemoveProjectTest@57baeedf]" name="setUp" is-config="true" duration-ms="3040" started-at="2020-10-27T05:44:25 PDT" finished-at="2020-10-27T05:44:28 PDT">
          <params>
            <param index="0">
              <value>
                <![CDATA[3000]]>
              </value>
            </param>
          </params>
          <reporter-output>
          </reporter-output>
        </test-method> <!-- setUp -->
        <test-method status="PASS" signature="testCollabtiveRemoveProject()[pri:0, instance:tests.RemoveProjectTest@57baeedf]" name="testCollabtiveRemoveProject" duration-ms="2729" started-at="2020-10-27T05:44:28 PDT" finished-at="2020-10-27T05:44:31 PDT">
          <reporter-output>
          </reporter-output>
        </test-method> <!-- testCollabtiveRemoveProject -->
        <test-method status="PASS" signature="tearDown()[pri:0, instance:tests.RemoveProjectTest@57baeedf]" name="tearDown" is-config="true" duration-ms="678" started-at="2020-10-27T05:44:31 PDT" finished-at="2020-10-27T05:44:32 PDT">
          <reporter-output>
          </reporter-output>
        </test-method> <!-- tearDown -->
      </class> <!-- tests.RemoveProjectTest -->
      <class name="tests.EditRoleTest">
        <test-method status="PASS" signature="setUp(java.lang.String)[pri:0, instance:tests.EditRoleTest@5e5792a0]" name="setUp" is-config="true" duration-ms="3213" started-at="2020-10-27T05:39:35 PDT" finished-at="2020-10-27T05:39:38 PDT">
          <params>
            <param index="0">
              <value>
                <![CDATA[3000]]>
              </value>
            </param>
          </params>
          <reporter-output>
          </reporter-output>
        </test-method> <!-- setUp -->
        <test-method status="PASS" signature="testCollabtiveEditRole()[pri:0, instance:tests.EditRoleTest@5e5792a0]" name="testCollabtiveEditRole" duration-ms="3350" started-at="2020-10-27T05:39:38 PDT" finished-at="2020-10-27T05:39:41 PDT">
          <reporter-output>
          </reporter-output>
        </test-method> <!-- testCollabtiveEditRole -->
        <test-method status="PASS" signature="tearDown()[pri:0, instance:tests.EditRoleTest@5e5792a0]" name="tearDown" is-config="true" duration-ms="683" started-at="2020-10-27T05:39:41 PDT" finished-at="2020-10-27T05:39:42 PDT">
          <reporter-output>
          </reporter-output>
        </test-method> <!-- tearDown -->
      </class> <!-- tests.EditRoleTest -->
      <class name="tests.AddUserEmptyValuesTest">
        <test-method status="PASS" signature="setUp(java.lang.String)[pri:0, instance:tests.AddUserEmptyValuesTest@685cb137]" name="setUp" is-config="true" duration-ms="3187" started-at="2020-10-27T05:42:42 PDT" finished-at="2020-10-27T05:42:45 PDT">
          <params>
            <param index="0">
              <value>
                <![CDATA[3000]]>
              </value>
            </param>
          </params>
          <reporter-output>
          </reporter-output>
        </test-method> <!-- setUp -->
        <test-method status="PASS" signature="testCollabtiveAddUserEmptyValues()[pri:0, instance:tests.AddUserEmptyValuesTest@685cb137]" name="testCollabtiveAddUserEmptyValues" duration-ms="3781" started-at="2020-10-27T05:42:45 PDT" finished-at="2020-10-27T05:42:48 PDT">
          <reporter-output>
          </reporter-output>
        </test-method> <!-- testCollabtiveAddUserEmptyValues -->
        <test-method status="PASS" signature="tearDown()[pri:0, instance:tests.AddUserEmptyValuesTest@685cb137]" name="tearDown" is-config="true" duration-ms="719" started-at="2020-10-27T05:42:49 PDT" finished-at="2020-10-27T05:42:49 PDT">
          <reporter-output>
          </reporter-output>
        </test-method> <!-- tearDown -->
      </class> <!-- tests.AddUserEmptyValuesTest -->
      <class name="tests.RemoveMilestoneTest">
        <test-method status="PASS" signature="setUp(java.lang.String)[pri:0, instance:tests.RemoveMilestoneTest@39c0f4a]" name="setUp" is-config="true" duration-ms="3145" started-at="2020-10-27T05:44:03 PDT" finished-at="2020-10-27T05:44:06 PDT">
          <params>
            <param index="0">
              <value>
                <![CDATA[3000]]>
              </value>
            </param>
          </params>
          <reporter-output>
          </reporter-output>
        </test-method> <!-- setUp -->
        <test-method status="PASS" signature="testCollabtiveRemoveMilestone()[pri:0, instance:tests.RemoveMilestoneTest@39c0f4a]" name="testCollabtiveRemoveMilestone" duration-ms="3238" started-at="2020-10-27T05:44:06 PDT" finished-at="2020-10-27T05:44:10 PDT">
          <reporter-output>
          </reporter-output>
        </test-method> <!-- testCollabtiveRemoveMilestone -->
        <test-method status="PASS" signature="tearDown()[pri:0, instance:tests.RemoveMilestoneTest@39c0f4a]" name="tearDown" is-config="true" duration-ms="716" started-at="2020-10-27T05:44:10 PDT" finished-at="2020-10-27T05:44:10 PDT">
          <reporter-output>
          </reporter-output>
        </test-method> <!-- tearDown -->
      </class> <!-- tests.RemoveMilestoneTest -->
      <class name="tests.AddAndRemoveLateMilestoneTest">
        <test-method status="PASS" signature="setUp(java.lang.String)[pri:0, instance:tests.AddAndRemoveLateMilestoneTest@6a41eaa2]" name="setUp" is-config="true" duration-ms="3299" started-at="2020-10-27T05:42:49 PDT" finished-at="2020-10-27T05:42:53 PDT">
          <params>
            <param index="0">
              <value>
                <![CDATA[3000]]>
              </value>
            </param>
          </params>
          <reporter-output>
          </reporter-output>
        </test-method> <!-- setUp -->
        <test-method status="PASS" signature="testCollabtiveAddAndRemoveLateMilestone()[pri:0, instance:tests.AddAndRemoveLateMilestoneTest@6a41eaa2]" name="testCollabtiveAddAndRemoveLateMilestone" duration-ms="8713" started-at="2020-10-27T05:42:53 PDT" finished-at="2020-10-27T05:43:01 PDT">
          <reporter-output>
          </reporter-output>
        </test-method> <!-- testCollabtiveAddAndRemoveLateMilestone -->
        <test-method status="PASS" signature="tearDown()[pri:0, instance:tests.AddAndRemoveLateMilestoneTest@6a41eaa2]" name="tearDown" is-config="true" duration-ms="698" started-at="2020-10-27T05:43:01 PDT" finished-at="2020-10-27T05:43:02 PDT">
          <reporter-output>
          </reporter-output>
        </test-method> <!-- tearDown -->
      </class> <!-- tests.AddAndRemoveLateMilestoneTest -->
      <class name="tests.AssignUserToProjectTest">
        <test-method status="PASS" signature="setUp(java.lang.String)[pri:0, instance:tests.AssignUserToProjectTest@ae45eb6]" name="setUp" is-config="true" duration-ms="3167" started-at="2020-10-27T05:40:01 PDT" finished-at="2020-10-27T05:40:04 PDT">
          <params>
            <param index="0">
              <value>
                <![CDATA[3000]]>
              </value>
            </param>
          </params>
          <reporter-output>
          </reporter-output>
        </test-method> <!-- setUp -->
        <test-method status="PASS" signature="testCollabtiveAssignUserToProject()[pri:0, instance:tests.AssignUserToProjectTest@ae45eb6]" name="testCollabtiveAssignUserToProject" duration-ms="3303" started-at="2020-10-27T05:40:04 PDT" finished-at="2020-10-27T05:40:08 PDT">
          <reporter-output>
          </reporter-output>
        </test-method> <!-- testCollabtiveAssignUserToProject -->
        <test-method status="PASS" signature="tearDown()[pri:0, instance:tests.AssignUserToProjectTest@ae45eb6]" name="tearDown" is-config="true" duration-ms="723" started-at="2020-10-27T05:40:08 PDT" finished-at="2020-10-27T05:40:08 PDT">
          <reporter-output>
          </reporter-output>
        </test-method> <!-- tearDown -->
      </class> <!-- tests.AssignUserToProjectTest -->
      <class name="tests.LoginUserTest">
        <test-method status="PASS" signature="setUp(java.lang.String)[pri:0, instance:tests.LoginUserTest@68c4039c]" name="setUp" is-config="true" duration-ms="3213" started-at="2020-10-27T05:39:56 PDT" finished-at="2020-10-27T05:39:59 PDT">
          <params>
            <param index="0">
              <value>
                <![CDATA[3000]]>
              </value>
            </param>
          </params>
          <reporter-output>
          </reporter-output>
        </test-method> <!-- setUp -->
        <test-method status="PASS" signature="testCollabtiveLoginUser()[pri:0, instance:tests.LoginUserTest@68c4039c]" name="testCollabtiveLoginUser" duration-ms="1447" started-at="2020-10-27T05:39:59 PDT" finished-at="2020-10-27T05:40:01 PDT">
          <reporter-output>
          </reporter-output>
        </test-method> <!-- testCollabtiveLoginUser -->
        <test-method status="PASS" signature="tearDown()[pri:0, instance:tests.LoginUserTest@68c4039c]" name="tearDown" is-config="true" duration-ms="744" started-at="2020-10-27T05:40:01 PDT" finished-at="2020-10-27T05:40:01 PDT">
          <reporter-output>
          </reporter-output>
        </test-method> <!-- tearDown -->
      </class> <!-- tests.LoginUserTest -->
      <class name="tests.SearchProjectTest">
        <test-method status="PASS" signature="setUp(java.lang.String)[pri:0, instance:tests.SearchProjectTest@523884b2]" name="setUp" is-config="true" duration-ms="3349" started-at="2020-10-27T05:39:02 PDT" finished-at="2020-10-27T05:39:06 PDT">
          <params>
            <param index="0">
              <value>
                <![CDATA[3000]]>
              </value>
            </param>
          </params>
          <reporter-output>
          </reporter-output>
        </test-method> <!-- setUp -->
        <test-method status="PASS" signature="testCollabtiveSearchProject()[pri:0, instance:tests.SearchProjectTest@523884b2]" name="testCollabtiveSearchProject" duration-ms="1276" started-at="2020-10-27T05:39:06 PDT" finished-at="2020-10-27T05:39:07 PDT">
          <reporter-output>
          </reporter-output>
        </test-method> <!-- testCollabtiveSearchProject -->
        <test-method status="PASS" signature="tearDown()[pri:0, instance:tests.SearchProjectTest@523884b2]" name="tearDown" is-config="true" duration-ms="703" started-at="2020-10-27T05:39:07 PDT" finished-at="2020-10-27T05:39:08 PDT">
          <reporter-output>
          </reporter-output>
        </test-method> <!-- tearDown -->
      </class> <!-- tests.SearchProjectTest -->
      <class name="tests.CloseTasksTest">
        <test-method status="PASS" signature="setUp(java.lang.String)[pri:0, instance:tests.CloseTasksTest@5e3a8624]" name="setUp" is-config="true" duration-ms="3343" started-at="2020-10-27T05:41:55 PDT" finished-at="2020-10-27T05:41:58 PDT">
          <params>
            <param index="0">
              <value>
                <![CDATA[3000]]>
              </value>
            </param>
          </params>
          <reporter-output>
          </reporter-output>
        </test-method> <!-- setUp -->
        <test-method status="PASS" signature="testCollabtiveCloseTasks()[pri:0, instance:tests.CloseTasksTest@5e3a8624]" name="testCollabtiveCloseTasks" duration-ms="6940" started-at="2020-10-27T05:41:58 PDT" finished-at="2020-10-27T05:42:05 PDT">
          <reporter-output>
          </reporter-output>
        </test-method> <!-- testCollabtiveCloseTasks -->
        <test-method status="PASS" signature="tearDown()[pri:0, instance:tests.CloseTasksTest@5e3a8624]" name="tearDown" is-config="true" duration-ms="705" started-at="2020-10-27T05:42:05 PDT" finished-at="2020-10-27T05:42:06 PDT">
          <reporter-output>
          </reporter-output>
        </test-method> <!-- tearDown -->
      </class> <!-- tests.CloseTasksTest -->
      <class name="tests.RemoveTaskDesktopNotPresentTest">
        <test-method status="PASS" signature="setUp(java.lang.String)[pri:0, instance:tests.RemoveTaskDesktopNotPresentTest@3bfdc050]" name="setUp" is-config="true" duration-ms="3088" started-at="2020-10-27T05:41:35 PDT" finished-at="2020-10-27T05:41:38 PDT">
          <params>
            <param index="0">
              <value>
                <![CDATA[3000]]>
              </value>
            </param>
          </params>
          <reporter-output>
          </reporter-output>
        </test-method> <!-- setUp -->
        <test-method status="PASS" signature="testCollabtiveRemoveTaskDesktopNotPresent()[pri:0, instance:tests.RemoveTaskDesktopNotPresentTest@3bfdc050]" name="testCollabtiveRemoveTaskDesktopNotPresent" duration-ms="4708" started-at="2020-10-27T05:41:38 PDT" finished-at="2020-10-27T05:41:43 PDT">
          <reporter-output>
          </reporter-output>
        </test-method> <!-- testCollabtiveRemoveTaskDesktopNotPresent -->
        <test-method status="PASS" signature="tearDown()[pri:0, instance:tests.RemoveTaskDesktopNotPresentTest@3bfdc050]" name="tearDown" is-config="true" duration-ms="753" started-at="2020-10-27T05:41:43 PDT" finished-at="2020-10-27T05:41:44 PDT">
          <reporter-output>
          </reporter-output>
        </test-method> <!-- tearDown -->
      </class> <!-- tests.RemoveTaskDesktopNotPresentTest -->
      <class name="tests.OpenTasksTest">
        <test-method status="PASS" signature="setUp(java.lang.String)[pri:0, instance:tests.OpenTasksTest@5c3bd550]" name="setUp" is-config="true" duration-ms="3360" started-at="2020-10-27T05:42:06 PDT" finished-at="2020-10-27T05:42:09 PDT">
          <params>
            <param index="0">
              <value>
                <![CDATA[3000]]>
              </value>
            </param>
          </params>
          <reporter-output>
          </reporter-output>
        </test-method> <!-- setUp -->
        <test-method status="PASS" signature="testCollabtiveOpenTasks()[pri:0, instance:tests.OpenTasksTest@5c3bd550]" name="testCollabtiveOpenTasks" duration-ms="6757" started-at="2020-10-27T05:42:09 PDT" finished-at="2020-10-27T05:42:16 PDT">
          <reporter-output>
          </reporter-output>
        </test-method> <!-- testCollabtiveOpenTasks -->
        <test-method status="PASS" signature="tearDown()[pri:0, instance:tests.OpenTasksTest@5c3bd550]" name="tearDown" is-config="true" duration-ms="726" started-at="2020-10-27T05:42:16 PDT" finished-at="2020-10-27T05:42:16 PDT">
          <reporter-output>
          </reporter-output>
        </test-method> <!-- tearDown -->
      </class> <!-- tests.OpenTasksTest -->
      <class name="tests.RemoveTasklistTest">
        <test-method status="PASS" signature="setUp(java.lang.String)[pri:0, instance:tests.RemoveTasklistTest@7d9d1a19]" name="setUp" is-config="true" duration-ms="3342" started-at="2020-10-27T05:43:55 PDT" finished-at="2020-10-27T05:43:59 PDT">
          <params>
            <param index="0">
              <value>
                <![CDATA[3000]]>
              </value>
            </param>
          </params>
          <reporter-output>
          </reporter-output>
        </test-method> <!-- setUp -->
        <test-method status="PASS" signature="testCollabtiveRemoveTasklist()[pri:0, instance:tests.RemoveTasklistTest@7d9d1a19]" name="testCollabtiveRemoveTasklist" duration-ms="3672" started-at="2020-10-27T05:43:59 PDT" finished-at="2020-10-27T05:44:02 PDT">
          <reporter-output>
          </reporter-output>
        </test-method> <!-- testCollabtiveRemoveTasklist -->
        <test-method status="PASS" signature="tearDown()[pri:0, instance:tests.RemoveTasklistTest@7d9d1a19]" name="tearDown" is-config="true" duration-ms="789" started-at="2020-10-27T05:44:02 PDT" finished-at="2020-10-27T05:44:03 PDT">
          <reporter-output>
          </reporter-output>
        </test-method> <!-- tearDown -->
      </class> <!-- tests.RemoveTasklistTest -->
      <class name="tests.CloseProjectTest">
        <test-method status="PASS" signature="setUp(java.lang.String)[pri:0, instance:tests.CloseProjectTest@5b275dab]" name="setUp" is-config="true" duration-ms="4119" started-at="2020-10-27T05:39:08 PDT" finished-at="2020-10-27T05:39:12 PDT">
          <params>
            <param index="0">
              <value>
                <![CDATA[3000]]>
              </value>
            </param>
          </params>
          <reporter-output>
          </reporter-output>
        </test-method> <!-- setUp -->
        <test-method status="PASS" signature="testCollabtiveCloseProject()[pri:0, instance:tests.CloseProjectTest@5b275dab]" name="testCollabtiveCloseProject" duration-ms="2713" started-at="2020-10-27T05:39:12 PDT" finished-at="2020-10-27T05:39:15 PDT">
          <reporter-output>
          </reporter-output>
        </test-method> <!-- testCollabtiveCloseProject -->
        <test-method status="PASS" signature="tearDown()[pri:0, instance:tests.CloseProjectTest@5b275dab]" name="tearDown" is-config="true" duration-ms="722" started-at="2020-10-27T05:39:15 PDT" finished-at="2020-10-27T05:39:15 PDT">
          <reporter-output>
          </reporter-output>
        </test-method> <!-- tearDown -->
      </class> <!-- tests.CloseProjectTest -->
      <class name="tests.AddUserAlreadyPresentTest">
        <test-method status="PASS" signature="setUp(java.lang.String)[pri:0, instance:tests.AddUserAlreadyPresentTest@6a4f787b]" name="setUp" is-config="true" duration-ms="3282" started-at="2020-10-27T05:42:35 PDT" finished-at="2020-10-27T05:42:38 PDT">
          <params>
            <param index="0">
              <value>
                <![CDATA[3000]]>
              </value>
            </param>
          </params>
          <reporter-output>
          </reporter-output>
        </test-method> <!-- setUp -->
        <test-method status="PASS" signature="testCollabtiveAddUserAlreadyPresent()[pri:0, instance:tests.AddUserAlreadyPresentTest@6a4f787b]" name="testCollabtiveAddUserAlreadyPresent" duration-ms="2577" started-at="2020-10-27T05:42:38 PDT" finished-at="2020-10-27T05:42:41 PDT">
          <reporter-output>
          </reporter-output>
        </test-method> <!-- testCollabtiveAddUserAlreadyPresent -->
        <test-method status="PASS" signature="tearDown()[pri:0, instance:tests.AddUserAlreadyPresentTest@6a4f787b]" name="tearDown" is-config="true" duration-ms="764" started-at="2020-10-27T05:42:41 PDT" finished-at="2020-10-27T05:42:42 PDT">
          <reporter-output>
          </reporter-output>
        </test-method> <!-- tearDown -->
      </class> <!-- tests.AddUserAlreadyPresentTest -->
      <class name="tests.CloseTasksProjectPercentageTest">
        <test-method status="PASS" signature="setUp(java.lang.String)[pri:0, instance:tests.CloseTasksProjectPercentageTest@91161c7]" name="setUp" is-config="true" duration-ms="4168" started-at="2020-10-27T05:42:16 PDT" finished-at="2020-10-27T05:42:21 PDT">
          <params>
            <param index="0">
              <value>
                <![CDATA[3000]]>
              </value>
            </param>
          </params>
          <reporter-output>
          </reporter-output>
        </test-method> <!-- setUp -->
        <test-method status="PASS" signature="testCollabtiveCloseTasksProjectPercentage()[pri:0, instance:tests.CloseTasksProjectPercentageTest@91161c7]" name="testCollabtiveCloseTasksProjectPercentage" duration-ms="4467" started-at="2020-10-27T05:42:21 PDT" finished-at="2020-10-27T05:42:25 PDT">
          <reporter-output>
          </reporter-output>
        </test-method> <!-- testCollabtiveCloseTasksProjectPercentage -->
        <test-method status="PASS" signature="tearDown()[pri:0, instance:tests.CloseTasksProjectPercentageTest@91161c7]" name="tearDown" is-config="true" duration-ms="711" started-at="2020-10-27T05:42:25 PDT" finished-at="2020-10-27T05:42:26 PDT">
          <reporter-output>
          </reporter-output>
        </test-method> <!-- tearDown -->
      </class> <!-- tests.CloseTasksProjectPercentageTest -->
      <class name="tests.OpenMilestoneTest">
        <test-method status="PASS" signature="setUp(java.lang.String)[pri:0, instance:tests.OpenMilestoneTest@47c62251]" name="setUp" is-config="true" duration-ms="3112" started-at="2020-10-27T05:40:36 PDT" finished-at="2020-10-27T05:40:39 PDT">
          <params>
            <param index="0">
              <value>
                <![CDATA[3000]]>
              </value>
            </param>
          </params>
          <reporter-output>
          </reporter-output>
        </test-method> <!-- setUp -->
        <test-method status="PASS" signature="testCollabtiveOpenMilestone()[pri:0, instance:tests.OpenMilestoneTest@47c62251]" name="testCollabtiveOpenMilestone" duration-ms="3390" started-at="2020-10-27T05:40:39 PDT" finished-at="2020-10-27T05:40:42 PDT">
          <reporter-output>
          </reporter-output>
        </test-method> <!-- testCollabtiveOpenMilestone -->
        <test-method status="PASS" signature="tearDown()[pri:0, instance:tests.OpenMilestoneTest@47c62251]" name="tearDown" is-config="true" duration-ms="698" started-at="2020-10-27T05:40:42 PDT" finished-at="2020-10-27T05:40:43 PDT">
          <reporter-output>
          </reporter-output>
        </test-method> <!-- tearDown -->
      </class> <!-- tests.OpenMilestoneTest -->
      <class name="tests.AddMultipleProjectsTest">
        <test-method status="PASS" signature="setUp(java.lang.String)[pri:0, instance:tests.AddMultipleProjectsTest@7cd62f43]" name="setUp" is-config="true" duration-ms="3274" started-at="2020-10-27T05:43:02 PDT" finished-at="2020-10-27T05:43:05 PDT">
          <params>
            <param index="0">
              <value>
                <![CDATA[3000]]>
              </value>
            </param>
          </params>
          <reporter-output>
          </reporter-output>
        </test-method> <!-- setUp -->
        <test-method status="PASS" signature="testCollabtiveAddMultipleProjects()[pri:0, instance:tests.AddMultipleProjectsTest@7cd62f43]" name="testCollabtiveAddMultipleProjects" duration-ms="6776" started-at="2020-10-27T05:43:05 PDT" finished-at="2020-10-27T05:43:12 PDT">
          <reporter-output>
          </reporter-output>
        </test-method> <!-- testCollabtiveAddMultipleProjects -->
        <test-method status="PASS" signature="tearDown()[pri:0, instance:tests.AddMultipleProjectsTest@7cd62f43]" name="tearDown" is-config="true" duration-ms="706" started-at="2020-10-27T05:43:12 PDT" finished-at="2020-10-27T05:43:13 PDT">
          <reporter-output>
          </reporter-output>
        </test-method> <!-- tearDown -->
      </class> <!-- tests.AddMultipleProjectsTest -->
      <class name="tests.EditUserRoleTest">
        <test-method status="PASS" signature="setUp(java.lang.String)[pri:0, instance:tests.EditUserRoleTest@3532ec19]" name="setUp" is-config="true" duration-ms="3492" started-at="2020-10-27T05:39:49 PDT" finished-at="2020-10-27T05:39:52 PDT">
          <params>
            <param index="0">
              <value>
                <![CDATA[3000]]>
              </value>
            </param>
          </params>
          <reporter-output>
          </reporter-output>
        </test-method> <!-- setUp -->
        <test-method status="PASS" signature="testCollabtiveEditUserRole()[pri:0, instance:tests.EditUserRoleTest@3532ec19]" name="testCollabtiveEditUserRole" duration-ms="2979" started-at="2020-10-27T05:39:52 PDT" finished-at="2020-10-27T05:39:55 PDT">
          <reporter-output>
          </reporter-output>
        </test-method> <!-- testCollabtiveEditUserRole -->
        <test-method status="PASS" signature="tearDown()[pri:0, instance:tests.EditUserRoleTest@3532ec19]" name="tearDown" is-config="true" duration-ms="671" started-at="2020-10-27T05:39:55 PDT" finished-at="2020-10-27T05:39:56 PDT">
          <reporter-output>
          </reporter-output>
        </test-method> <!-- tearDown -->
      </class> <!-- tests.EditUserRoleTest -->
      <class name="tests.AddRoleTest">
        <test-method status="PASS" signature="setUp(java.lang.String)[pri:0, instance:tests.AddRoleTest@3ffc5af1]" name="setUp" is-config="true" duration-ms="3194" started-at="2020-10-27T05:39:28 PDT" finished-at="2020-10-27T05:39:31 PDT">
          <params>
            <param index="0">
              <value>
                <![CDATA[3000]]>
              </value>
            </param>
          </params>
          <reporter-output>
          </reporter-output>
        </test-method> <!-- setUp -->
        <test-method status="PASS" signature="testCollabtiveAddRole()[pri:0, instance:tests.AddRoleTest@3ffc5af1]" name="testCollabtiveAddRole" duration-ms="3077" started-at="2020-10-27T05:39:31 PDT" finished-at="2020-10-27T05:39:34 PDT">
          <reporter-output>
          </reporter-output>
        </test-method> <!-- testCollabtiveAddRole -->
        <test-method status="PASS" signature="tearDown()[pri:0, instance:tests.AddRoleTest@3ffc5af1]" name="tearDown" is-config="true" duration-ms="579" started-at="2020-10-27T05:39:34 PDT" finished-at="2020-10-27T05:39:35 PDT">
          <reporter-output>
          </reporter-output>
        </test-method> <!-- tearDown -->
      </class> <!-- tests.AddRoleTest -->
      <class name="tests.AddTasklistTest">
        <test-method status="PASS" signature="setUp(java.lang.String)[pri:0, instance:tests.AddTasklistTest@3e6fa38a]" name="setUp" is-config="true" duration-ms="3256" started-at="2020-10-27T05:40:43 PDT" finished-at="2020-10-27T05:40:46 PDT">
          <params>
            <param index="0">
              <value>
                <![CDATA[3000]]>
              </value>
            </param>
          </params>
          <reporter-output>
          </reporter-output>
        </test-method> <!-- setUp -->
        <test-method status="PASS" signature="testCollabtiveAddTasklist()[pri:0, instance:tests.AddTasklistTest@3e6fa38a]" name="testCollabtiveAddTasklist" duration-ms="4136" started-at="2020-10-27T05:40:46 PDT" finished-at="2020-10-27T05:40:50 PDT">
          <reporter-output>
          </reporter-output>
        </test-method> <!-- testCollabtiveAddTasklist -->
        <test-method status="PASS" signature="tearDown()[pri:0, instance:tests.AddTasklistTest@3e6fa38a]" name="tearDown" is-config="true" duration-ms="705" started-at="2020-10-27T05:40:50 PDT" finished-at="2020-10-27T05:40:51 PDT">
          <reporter-output>
          </reporter-output>
        </test-method> <!-- tearDown -->
      </class> <!-- tests.AddTasklistTest -->
      <class name="tests.RemoveMultipleProjectsTest">
        <test-method status="PASS" signature="setUp(java.lang.String)[pri:0, instance:tests.RemoveMultipleProjectsTest@6093dd95]" name="setUp" is-config="true" duration-ms="3356" started-at="2020-10-27T05:43:19 PDT" finished-at="2020-10-27T05:43:23 PDT">
          <params>
            <param index="0">
              <value>
                <![CDATA[3000]]>
              </value>
            </param>
          </params>
          <reporter-output>
          </reporter-output>
        </test-method> <!-- setUp -->
        <test-method status="PASS" signature="testCollabtiveRemoveMultipleProjects()[pri:0, instance:tests.RemoveMultipleProjectsTest@6093dd95]" name="testCollabtiveRemoveMultipleProjects" duration-ms="8786" started-at="2020-10-27T05:43:23 PDT" finished-at="2020-10-27T05:43:31 PDT">
          <reporter-output>
          </reporter-output>
        </test-method> <!-- testCollabtiveRemoveMultipleProjects -->
        <test-method status="PASS" signature="tearDown()[pri:0, instance:tests.RemoveMultipleProjectsTest@6093dd95]" name="tearDown" is-config="true" duration-ms="675" started-at="2020-10-27T05:43:31 PDT" finished-at="2020-10-27T05:43:32 PDT">
          <reporter-output>
          </reporter-output>
        </test-method> <!-- tearDown -->
      </class> <!-- tests.RemoveMultipleProjectsTest -->
      <class name="tests.RemoveUserTest">
        <test-method status="PASS" signature="setUp(java.lang.String)[pri:0, instance:tests.RemoveUserTest@42e26948]" name="setUp" is-config="true" duration-ms="3340" started-at="2020-10-27T05:44:18 PDT" finished-at="2020-10-27T05:44:21 PDT">
          <params>
            <param index="0">
              <value>
                <![CDATA[3000]]>
              </value>
            </param>
          </params>
          <reporter-output>
          </reporter-output>
        </test-method> <!-- setUp -->
        <test-method status="PASS" signature="testCollabtiveRemoveUser()[pri:0, instance:tests.RemoveUserTest@42e26948]" name="testCollabtiveRemoveUser" duration-ms="3326" started-at="2020-10-27T05:44:21 PDT" finished-at="2020-10-27T05:44:24 PDT">
          <reporter-output>
          </reporter-output>
        </test-method> <!-- testCollabtiveRemoveUser -->
        <test-method status="PASS" signature="tearDown()[pri:0, instance:tests.RemoveUserTest@42e26948]" name="tearDown" is-config="true" duration-ms="687" started-at="2020-10-27T05:44:24 PDT" finished-at="2020-10-27T05:44:25 PDT">
          <reporter-output>
          </reporter-output>
        </test-method> <!-- tearDown -->
      </class> <!-- tests.RemoveUserTest -->
      <class name="tests.CloseMilestoneTest">
        <test-method status="PASS" signature="setUp(java.lang.String)[pri:0, instance:tests.CloseMilestoneTest@6f7fd0e6]" name="setUp" is-config="true" duration-ms="3727" started-at="2020-10-27T05:40:26 PDT" finished-at="2020-10-27T05:40:30 PDT">
          <params>
            <param index="0">
              <value>
                <![CDATA[3000]]>
              </value>
            </param>
          </params>
          <reporter-output>
          </reporter-output>
        </test-method> <!-- setUp -->
        <test-method status="PASS" signature="testCollabtiveCloseMilestone()[pri:0, instance:tests.CloseMilestoneTest@6f7fd0e6]" name="testCollabtiveCloseMilestone" duration-ms="5065" started-at="2020-10-27T05:40:30 PDT" finished-at="2020-10-27T05:40:35 PDT">
          <reporter-output>
          </reporter-output>
        </test-method> <!-- testCollabtiveCloseMilestone -->
        <test-method status="PASS" signature="tearDown()[pri:0, instance:tests.CloseMilestoneTest@6f7fd0e6]" name="tearDown" is-config="true" duration-ms="676" started-at="2020-10-27T05:40:35 PDT" finished-at="2020-10-27T05:40:36 PDT">
          <reporter-output>
          </reporter-output>
        </test-method> <!-- tearDown -->
      </class> <!-- tests.CloseMilestoneTest -->
      <class name="tests.AddTaskDesktopPresentTest">
        <test-method status="PASS" signature="setUp(java.lang.String)[pri:0, instance:tests.AddTaskDesktopPresentTest@42d80b78]" name="setUp" is-config="true" duration-ms="3896" started-at="2020-10-27T05:41:24 PDT" finished-at="2020-10-27T05:41:28 PDT">
          <params>
            <param index="0">
              <value>
                <![CDATA[3000]]>
              </value>
            </param>
          </params>
          <reporter-output>
          </reporter-output>
        </test-method> <!-- setUp -->
        <test-method status="PASS" signature="testCollabtiveAddTaskDesktopPresent()[pri:0, instance:tests.AddTaskDesktopPresentTest@42d80b78]" name="testCollabtiveAddTaskDesktopPresent" duration-ms="6110" started-at="2020-10-27T05:41:28 PDT" finished-at="2020-10-27T05:41:34 PDT">
          <reporter-output>
          </reporter-output>
        </test-method> <!-- testCollabtiveAddTaskDesktopPresent -->
        <test-method status="PASS" signature="tearDown()[pri:0, instance:tests.AddTaskDesktopPresentTest@42d80b78]" name="tearDown" is-config="true" duration-ms="723" started-at="2020-10-27T05:41:34 PDT" finished-at="2020-10-27T05:41:35 PDT">
          <reporter-output>
          </reporter-output>
        </test-method> <!-- tearDown -->
      </class> <!-- tests.AddTaskDesktopPresentTest -->
      <class name="tests.AddAndRemoveMultipleTasksTest">
        <test-method status="PASS" signature="setUp(java.lang.String)[pri:0, instance:tests.AddAndRemoveMultipleTasksTest@1e88b3c]" name="setUp" is-config="true" duration-ms="3161" started-at="2020-10-27T05:41:06 PDT" finished-at="2020-10-27T05:41:09 PDT">
          <params>
            <param index="0">
              <value>
                <![CDATA[3000]]>
              </value>
            </param>
          </params>
          <reporter-output>
          </reporter-output>
        </test-method> <!-- setUp -->
        <test-method status="PASS" signature="testCollabtiveAddAndRemoveMultipleTasks()[pri:0, instance:tests.AddAndRemoveMultipleTasksTest@1e88b3c]" name="testCollabtiveAddAndRemoveMultipleTasks" duration-ms="14648" started-at="2020-10-27T05:41:09 PDT" finished-at="2020-10-27T05:41:24 PDT">
          <reporter-output>
          </reporter-output>
        </test-method> <!-- testCollabtiveAddAndRemoveMultipleTasks -->
        <test-method status="PASS" signature="tearDown()[pri:0, instance:tests.AddAndRemoveMultipleTasksTest@1e88b3c]" name="tearDown" is-config="true" duration-ms="722" started-at="2020-10-27T05:41:24 PDT" finished-at="2020-10-27T05:41:24 PDT">
          <reporter-output>
          </reporter-output>
        </test-method> <!-- tearDown -->
      </class> <!-- tests.AddAndRemoveMultipleTasksTest -->
      <class name="tests.OpenTasklistTest">
        <test-method status="PASS" signature="setUp(java.lang.String)[pri:0, instance:tests.OpenTasklistTest@77caeb3e]" name="setUp" is-config="true" duration-ms="3057" started-at="2020-10-27T05:40:59 PDT" finished-at="2020-10-27T05:41:02 PDT">
          <params>
            <param index="0">
              <value>
                <![CDATA[3000]]>
              </value>
            </param>
          </params>
          <reporter-output>
          </reporter-output>
        </test-method> <!-- setUp -->
        <test-method status="PASS" signature="testCollabtiveOpenTasklist()[pri:0, instance:tests.OpenTasklistTest@77caeb3e]" name="testCollabtiveOpenTasklist" duration-ms="2929" started-at="2020-10-27T05:41:02 PDT" finished-at="2020-10-27T05:41:05 PDT">
          <reporter-output>
          </reporter-output>
        </test-method> <!-- testCollabtiveOpenTasklist -->
        <test-method status="PASS" signature="tearDown()[pri:0, instance:tests.OpenTasklistTest@77caeb3e]" name="tearDown" is-config="true" duration-ms="716" started-at="2020-10-27T05:41:05 PDT" finished-at="2020-10-27T05:41:06 PDT">
          <reporter-output>
          </reporter-output>
        </test-method> <!-- tearDown -->
      </class> <!-- tests.OpenTasklistTest -->
      <class name="tests.RemoveTasksTest">
        <test-method status="PASS" signature="setUp(java.lang.String)[pri:0, instance:tests.RemoveTasksTest@4883b407]" name="setUp" is-config="true" duration-ms="3743" started-at="2020-10-27T05:43:45 PDT" finished-at="2020-10-27T05:43:48 PDT">
          <params>
            <param index="0">
              <value>
                <![CDATA[3000]]>
              </value>
            </param>
          </params>
          <reporter-output>
          </reporter-output>
        </test-method> <!-- setUp -->
        <test-method status="PASS" signature="testCollabtiveRemoveTasks()[pri:0, instance:tests.RemoveTasksTest@4883b407]" name="testCollabtiveRemoveTasks" duration-ms="6228" started-at="2020-10-27T05:43:48 PDT" finished-at="2020-10-27T05:43:55 PDT">
          <reporter-output>
          </reporter-output>
        </test-method> <!-- testCollabtiveRemoveTasks -->
        <test-method status="PASS" signature="tearDown()[pri:0, instance:tests.RemoveTasksTest@4883b407]" name="tearDown" is-config="true" duration-ms="717" started-at="2020-10-27T05:43:55 PDT" finished-at="2020-10-27T05:43:55 PDT">
          <reporter-output>
          </reporter-output>
        </test-method> <!-- tearDown -->
      </class> <!-- tests.RemoveTasksTest -->
      <class name="tests.CloseTasklistTest">
        <test-method status="PASS" signature="setUp(java.lang.String)[pri:0, instance:tests.CloseTasklistTest@66a3ffec]" name="setUp" is-config="true" duration-ms="3325" started-at="2020-10-27T05:40:51 PDT" finished-at="2020-10-27T05:40:54 PDT">
          <params>
            <param index="0">
              <value>
                <![CDATA[3000]]>
              </value>
            </param>
          </params>
          <reporter-output>
          </reporter-output>
        </test-method> <!-- setUp -->
        <test-method status="PASS" signature="testCollabtiveCloseTasklist()[pri:0, instance:tests.CloseTasklistTest@66a3ffec]" name="testCollabtiveCloseTasklist" duration-ms="4073" started-at="2020-10-27T05:40:54 PDT" finished-at="2020-10-27T05:40:59 PDT">
          <reporter-output>
          </reporter-output>
        </test-method> <!-- testCollabtiveCloseTasklist -->
        <test-method status="PASS" signature="tearDown()[pri:0, instance:tests.CloseTasklistTest@66a3ffec]" name="tearDown" is-config="true" duration-ms="701" started-at="2020-10-27T05:40:59 PDT" finished-at="2020-10-27T05:40:59 PDT">
          <reporter-output>
          </reporter-output>
        </test-method> <!-- tearDown -->
      </class> <!-- tests.CloseTasklistTest -->
      <class name="tests.AddProjectTest">
        <test-method status="PASS" signature="setUp(java.lang.String)[pri:0, instance:tests.AddProjectTest@28d25987]" name="setUp" is-config="true" duration-ms="5145" started-at="2020-10-27T05:38:41 PDT" finished-at="2020-10-27T05:38:46 PDT">
          <params>
            <param index="0">
              <value>
                <![CDATA[3000]]>
              </value>
            </param>
          </params>
          <reporter-output>
          </reporter-output>
        </test-method> <!-- setUp -->
        <test-method status="PASS" signature="testCollabtiveAddProject()[pri:0, instance:tests.AddProjectTest@28d25987]" name="testCollabtiveAddProject" duration-ms="6859" started-at="2020-10-27T05:38:46 PDT" finished-at="2020-10-27T05:38:53 PDT">
          <reporter-output>
          </reporter-output>
        </test-method> <!-- testCollabtiveAddProject -->
        <test-method status="PASS" signature="tearDown()[pri:0, instance:tests.AddProjectTest@28d25987]" name="tearDown" is-config="true" duration-ms="711" started-at="2020-10-27T05:38:53 PDT" finished-at="2020-10-27T05:38:53 PDT">
          <reporter-output>
          </reporter-output>
        </test-method> <!-- tearDown -->
      </class> <!-- tests.AddProjectTest -->
    </test> <!-- Test -->
  </suite> <!-- Suite -->
</testng-results>
