<?xml version="1.0" encoding="UTF-8"?>
<!-- Generated by org.testng.reporters.JUnitXMLReporter -->
<testsuite hostname="anonymous" ignored="0" name="Test" tests="40" failures="0" timestamp="2020-10-27T05:44:32 PDT" time="351.008" errors="0">
  <testcase name="testCollabtiveAddProject" time="6.859" classname="tests.AddProjectTest"/>
  <testcase name="testCollabtiveEditProject" time="5.102" classname="tests.EditProjectTest"/>
  <testcase name="testCollabtiveSearchProject" time="1.276" classname="tests.SearchProjectTest"/>
  <testcase name="testCollabtiveCloseProject" time="2.713" classname="tests.CloseProjectTest"/>
  <testcase name="testCollabtiveSearchClosedProject" time="1.456" classname="tests.SearchClosedProjectTest"/>
  <testcase name="testCollabtiveOpenProject" time="2.857" classname="tests.OpenProjectTest"/>
  <testcase name="testCollabtiveAddRole" time="3.077" classname="tests.AddRoleTest"/>
  <testcase name="testCollabtiveEditRole" time="3.35" classname="tests.EditRoleTest"/>
  <testcase name="testCollabtiveAddUser" time="3.129" classname="tests.AddUserTest"/>
  <testcase name="testCollabtiveEditUserRole" time="2.979" classname="tests.EditUserRoleTest"/>
  <testcase name="testCollabtiveLoginUser" time="1.447" classname="tests.LoginUserTest"/>
  <testcase name="testCollabtiveAssignUserToProject" time="3.303" classname="tests.AssignUserToProjectTest"/>
  <testcase name="testCollabtiveAddMilestone" time="4.359" classname="tests.AddMilestoneTest"/>
  <testcase name="testCollabtiveEditMilestone" time="5.714" classname="tests.EditMilestoneTest"/>
  <testcase name="testCollabtiveCloseMilestone" time="5.065" classname="tests.CloseMilestoneTest"/>
  <testcase name="testCollabtiveOpenMilestone" time="3.39" classname="tests.OpenMilestoneTest"/>
  <testcase name="testCollabtiveAddTasklist" time="4.136" classname="tests.AddTasklistTest"/>
  <testcase name="testCollabtiveCloseTasklist" time="4.073" classname="tests.CloseTasklistTest"/>
  <testcase name="testCollabtiveOpenTasklist" time="2.929" classname="tests.OpenTasklistTest"/>
  <testcase name="testCollabtiveAddAndRemoveMultipleTasks" time="14.648" classname="tests.AddAndRemoveMultipleTasksTest"/>
  <testcase name="testCollabtiveAddTaskDesktopPresent" time="6.11" classname="tests.AddTaskDesktopPresentTest"/>
  <testcase name="testCollabtiveRemoveTaskDesktopNotPresent" time="4.708" classname="tests.RemoveTaskDesktopNotPresentTest"/>
  <testcase name="testCollabtiveAddTasks" time="6.184" classname="tests.AddTasksTest"/>
  <testcase name="testCollabtiveCloseTasks" time="6.94" classname="tests.CloseTasksTest"/>
  <testcase name="testCollabtiveOpenTasks" time="6.757" classname="tests.OpenTasksTest"/>
  <testcase name="testCollabtiveCloseTasksProjectPercentage" time="4.467" classname="tests.CloseTasksProjectPercentageTest"/>
  <testcase name="testCollabtiveOpenTasksProjectPercentage" time="5.044" classname="tests.OpenTasksProjectPercentageTest"/>
  <testcase name="testCollabtiveAddUserAlreadyPresent" time="2.577" classname="tests.AddUserAlreadyPresentTest"/>
  <testcase name="testCollabtiveAddUserEmptyValues" time="3.781" classname="tests.AddUserEmptyValuesTest"/>
  <testcase name="testCollabtiveAddAndRemoveLateMilestone" time="8.713" classname="tests.AddAndRemoveLateMilestoneTest"/>
  <testcase name="testCollabtiveAddMultipleProjects" time="6.776" classname="tests.AddMultipleProjectsTest"/>
  <testcase name="testCollabtiveSearchMultipleProjects" time="2.739" classname="tests.SearchMultipleProjectsTest"/>
  <testcase name="testCollabtiveRemoveMultipleProjects" time="8.786" classname="tests.RemoveMultipleProjectsTest"/>
  <testcase name="testCollabtiveRemoveUserFromProject" time="8.555" classname="tests.RemoveUserFromProjectTest"/>
  <testcase name="testCollabtiveRemoveTasks" time="6.228" classname="tests.RemoveTasksTest"/>
  <testcase name="testCollabtiveRemoveTasklist" time="3.672" classname="tests.RemoveTasklistTest"/>
  <testcase name="testCollabtiveRemoveMilestone" time="3.238" classname="tests.RemoveMilestoneTest"/>
  <testcase name="testCollabtiveRemoveRole" time="3.321" classname="tests.RemoveRoleTest"/>
  <testcase name="testCollabtiveRemoveUser" time="3.326" classname="tests.RemoveUserTest"/>
  <testcase name="testCollabtiveRemoveProject" time="2.729" classname="tests.RemoveProjectTest"/>
</testsuite> <!-- Test -->
